Using pre-set license
Built from '2021.3/staging' branch; Version is '2021.3.7f1 (24e8595d6d43) revision 2418777'; Using compiler version '192829333'; Build Type 'Release'
OS: 'Windows 11  (10.0.22000) 64bit Professional' Language: 'ko' Physical Memory: 14020 MB
BatchMode: 1, IsHumanControllingUs: 0, StartBugReporterOnCrash: 0, Is64bit: 1, IsPro: 1

COMMAND LINE ARGUMENTS:
C:\Program Files\Unity\Hub\Editor\2021.3.7f1\Editor\Unity.exe
-adb2
-batchMode
-noUpm
-name
AssetImportWorker7
-projectPath
C:/Users/6800U/Desktop/Unity/TopDown2DGame/TopDown2DGame
-logFile
Logs/AssetImportWorker7.log
-srvPort
51481
Successfully changed project path to: C:/Users/6800U/Desktop/Unity/TopDown2DGame/TopDown2DGame
C:/Users/6800U/Desktop/Unity/TopDown2DGame/TopDown2DGame
[UnityMemory] Configuration Parameters - Can be set up in boot.config
    "memorysetup-bucket-allocator-granularity=16"
    "memorysetup-bucket-allocator-bucket-count=8"
    "memorysetup-bucket-allocator-block-size=33554432"
    "memorysetup-bucket-allocator-block-count=8"
    "memorysetup-main-allocator-block-size=16777216"
    "memorysetup-thread-allocator-block-size=16777216"
    "memorysetup-gfx-main-allocator-block-size=16777216"
    "memorysetup-gfx-thread-allocator-block-size=16777216"
    "memorysetup-cache-allocator-block-size=4194304"
    "memorysetup-typetree-allocator-block-size=2097152"
    "memorysetup-profiler-bucket-allocator-granularity=16"
    "memorysetup-profiler-bucket-allocator-bucket-count=8"
    "memorysetup-profiler-bucket-allocator-block-size=33554432"
    "memorysetup-profiler-bucket-allocator-block-count=8"
    "memorysetup-profiler-allocator-block-size=16777216"
    "memorysetup-profiler-editor-allocator-block-size=1048576"
    "memorysetup-temp-allocator-size-main=16777216"
    "memorysetup-job-temp-allocator-block-size=2097152"
    "memorysetup-job-temp-allocator-block-size-background=1048576"
    "memorysetup-job-temp-allocator-reduction-small-platforms=262144"
    "memorysetup-temp-allocator-size-background-worker=32768"
    "memorysetup-temp-allocator-size-job-worker=262144"
    "memorysetup-temp-allocator-size-preload-manager=33554432"
    "memorysetup-temp-allocator-size-nav-mesh-worker=65536"
    "memorysetup-temp-allocator-size-audio-worker=65536"
    "memorysetup-temp-allocator-size-cloud-worker=32768"
    "memorysetup-temp-allocator-size-gi-baking-worker=262144"
    "memorysetup-temp-allocator-size-gfx=262144"
Refreshing native plugins compatible for Editor in 103.81 ms, found 4 plugins.
Preloading 0 native plugins for Editor in 0.00 ms.
Initialize engine version: 2021.3.7f1 (24e8595d6d43)
[Subsystems] Discovering subsystems at path C:/Program Files/Unity/Hub/Editor/2021.3.7f1/Editor/Data/Resources/UnitySubsystems
[Subsystems] Discovering subsystems at path C:/Users/6800U/Desktop/Unity/TopDown2DGame/TopDown2DGame/Assets
GfxDevice: creating device client; threaded=0; jobified=0
Direct3D:
    Version:  Direct3D 11.0 [level 11.1]
    Renderer: AMD Radeon(TM) Graphics (ID=0x1681)
    Vendor:   ATI
    VRAM:     7010 MB
    Driver:   30.0.14044.3001
Initialize mono
Mono path[0] = 'C:/Program Files/Unity/Hub/Editor/2021.3.7f1/Editor/Data/Managed'
Mono path[1] = 'C:/Program Files/Unity/Hub/Editor/2021.3.7f1/Editor/Data/MonoBleedingEdge/lib/mono/unityjit-win32'
Mono config path = 'C:/Program Files/Unity/Hub/Editor/2021.3.7f1/Editor/Data/MonoBleedingEdge/etc'
Using monoOptions --debugger-agent=transport=dt_socket,embedding=1,server=y,suspend=n,address=127.0.0.1:56336
Begin MonoManager ReloadAssembly
Registering precompiled unity dll's ...
Register platform support module: C:/Program Files/Unity/Hub/Editor/2021.3.7f1/Editor/Data/PlaybackEngines/WebGLSupport/UnityEditor.WebGL.Extensions.dll
Register platform support module: C:/Program Files/Unity/Hub/Editor/2021.3.7f1/Editor/Data/PlaybackEngines/AndroidPlayer/UnityEditor.Android.Extensions.dll
Register platform support module: C:/Program Files/Unity/Hub/Editor/2021.3.7f1/Editor/Data/PlaybackEngines/WindowsStandaloneSupport/UnityEditor.WindowsStandalone.Extensions.dll
Registered in 0.006112 seconds.
Native extension for WindowsStandalone target not found
Native extension for Android target not found
Native extension for WebGL target not found
Refreshing native plugins compatible for Editor in 99.76 ms, found 4 plugins.
Preloading 0 native plugins for Editor in 0.00 ms.
Mono: successfully reloaded assembly
- Completed reload, in  0.673 seconds
Domain Reload Profiling:
	ReloadAssembly (674ms)
		BeginReloadAssembly (66ms)
			ExecutionOrderSort (0ms)
			DisableScriptedObjects (0ms)
			BackupInstance (0ms)
			ReleaseScriptingObjects (0ms)
			CreateAndSetChildDomain (1ms)
		EndReloadAssembly (490ms)
			LoadAssemblies (65ms)
			RebuildTransferFunctionScriptingTraits (0ms)
			SetupTypeCache (112ms)
			ReleaseScriptCaches (0ms)
			RebuildScriptCaches (28ms)
			SetupLoadedEditorAssemblies (299ms)
				LogAssemblyErrors (0ms)
				InitializePlatformSupportModulesInManaged (54ms)
				SetLoadedEditorAssemblies (1ms)
				RefreshPlugins (100ms)
				BeforeProcessingInitializeOnLoad (1ms)
				ProcessInitializeOnLoadAttributes (94ms)
				ProcessInitializeOnLoadMethodAttributes (48ms)
				AfterProcessingInitializeOnLoad (0ms)
				EditorAssembliesLoaded (0ms)
			ExecutionOrderSort2 (0ms)
			AwakeInstancesAfterBackupRestoration (0ms)
Platform modules already initialized, skipping
Registering precompiled user dll's ...
Registered in 0.006755 seconds.
Begin MonoManager ReloadAssembly
Symbol file LoadedFromMemory doesn't match image C:\Users\6800U\Desktop\Unity\TopDown2DGame\TopDown2DGame\Library\PackageCache\com.unity.visualscripting@1.7.8\Editor\VisualScripting.Core\Dependencies\YamlDotNet\Unity.VisualScripting.YamlDotNet.dll
Symbol file LoadedFromMemory doesn't match image C:\Users\6800U\Desktop\Unity\TopDown2DGame\TopDown2DGame\Library\PackageCache\com.unity.visualscripting@1.7.8\Editor\VisualScripting.Core\Dependencies\DotNetZip\Unity.VisualScripting.IonicZip.dll
Native extension for WindowsStandalone target not found
Native extension for Android target not found
Native extension for WebGL target not found
Refreshing native plugins compatible for Editor in 100.37 ms, found 4 plugins.
Preloading 0 native plugins for Editor in 0.00 ms.
Mono: successfully reloaded assembly
- Completed reload, in  1.526 seconds
Domain Reload Profiling:
	ReloadAssembly (1527ms)
		BeginReloadAssembly (232ms)
			ExecutionOrderSort (0ms)
			DisableScriptedObjects (6ms)
			BackupInstance (0ms)
			ReleaseScriptingObjects (0ms)
			CreateAndSetChildDomain (145ms)
		EndReloadAssembly (1179ms)
			LoadAssemblies (85ms)
			RebuildTransferFunctionScriptingTraits (0ms)
			SetupTypeCache (353ms)
			ReleaseScriptCaches (1ms)
			RebuildScriptCaches (78ms)
			SetupLoadedEditorAssemblies (603ms)
				LogAssemblyErrors (0ms)
				InitializePlatformSupportModulesInManaged (13ms)
				SetLoadedEditorAssemblies (0ms)
				RefreshPlugins (100ms)
				BeforeProcessingInitializeOnLoad (106ms)
				ProcessInitializeOnLoadAttributes (327ms)
				ProcessInitializeOnLoadMethodAttributes (50ms)
				AfterProcessingInitializeOnLoad (5ms)
				EditorAssembliesLoaded (0ms)
			ExecutionOrderSort2 (0ms)
			AwakeInstancesAfterBackupRestoration (6ms)
Platform modules already initialized, skipping
========================================================================
Worker process is ready to serve import requests
Launched and connected shader compiler UnityShaderCompiler.exe after 0.05 seconds
Refreshing native plugins compatible for Editor in 1.55 ms, found 4 plugins.
Preloading 0 native plugins for Editor in 0.00 ms.
Unloading 4564 Unused Serialized files (Serialized files now loaded: 0)
Unloading 61 unused Assets / (293.3 KB). Loaded Objects now: 5015.
Memory consumption went from 174.7 MB to 174.5 MB.
Total: 6.003900 ms (FindLiveObjects: 0.563200 ms CreateObjectMapping: 0.118500 ms MarkObjects: 5.029400 ms  DeleteObjects: 0.291400 ms)

AssetImportParameters requested are different than current active one (requested -> active):
  custom:video-decoder-ogg-theora: a1e56fd34408186e4bbccfd4996cb3dc -> 
  custom:container-muxer-webm: aa71ff27fc2769a1b78a27578f13a17b -> 
  custom:container-demuxer-webm: 4f35f7cbe854078d1ac9338744f61a02 -> 
  custom:video-encoder-webm-vp8: eb34c28f22e8b96e1ab97ce403110664 -> 
  custom:audio-encoder-webm-vorbis: bf7c407c2cedff20999df2af8eb42d56 -> 
  custom:framework-win-MediaFoundation: 216162199b28c13a410421893ffa2e32 -> 
  custom:container-demuxer-ogg: 62fdf1f143b41e24485cea50d1cbac27 -> 
  custom:video-decoder-webm-vp8: 9c59270c3fd7afecdb556c50c9e8de78 -> 
  custom:audio-decoder-ogg-vorbis: bf7c407c2cedff20999df2af8eb42d56 -> 
========================================================================
Received Import Request.
  Time since last request: 173060.894333 seconds.
  path: Assets/Art/mystic_woods/tilesets/Tiles/decor_16x16_1.asset
  artifactKey: Guid(85398a893a135d24c9f74a7836197e7c) Importer(815301076,1909f56bfc062723c751e8b465ee728b)
Start importing Assets/Art/mystic_woods/tilesets/Tiles/decor_16x16_1.asset using Guid(85398a893a135d24c9f74a7836197e7c) Importer(815301076,1909f56bfc062723c751e8b465ee728b)  -> (artifact id: '2dd7bd78bbbc25f9bbda41578a8707df') in 0.085844 seconds 
========================================================================
Received Import Request.
  Time since last request: 0.000047 seconds.
  path: Assets/Art/mystic_woods/tilesets/Tiles/fences_4.asset
  artifactKey: Guid(20f9887f293e5cc4b91cde7af9a32102) Importer(815301076,1909f56bfc062723c751e8b465ee728b)
Start importing Assets/Art/mystic_woods/tilesets/Tiles/fences_4.asset using Guid(20f9887f293e5cc4b91cde7af9a32102) Importer(815301076,1909f56bfc062723c751e8b465ee728b)  -> (artifact id: '3c396faeae832a9a6d053486b67a1572') in 0.014894 seconds 
========================================================================
Received Import Request.
  Time since last request: 0.000035 seconds.
  path: Assets/Art/mystic_woods/tilesets/Tiles/decor_16x16_5.asset
  artifactKey: Guid(ed7ff793c923706448dde4e1006bf0b8) Importer(815301076,1909f56bfc062723c751e8b465ee728b)
Start importing Assets/Art/mystic_woods/tilesets/Tiles/decor_16x16_5.asset using Guid(ed7ff793c923706448dde4e1006bf0b8) Importer(815301076,1909f56bfc062723c751e8b465ee728b)  -> (artifact id: 'db9dd5c835ede0ce84ecfb644527d3f3') in 0.018588 seconds 
========================================================================
Received Import Request.
  Time since last request: 0.000031 seconds.
  path: Assets/Art/mystic_woods/tilesets/Tiles/decor_16x16_6.asset
  artifactKey: Guid(01567081b68857542b2eb2801552299b) Importer(815301076,1909f56bfc062723c751e8b465ee728b)
Start importing Assets/Art/mystic_woods/tilesets/Tiles/decor_16x16_6.asset using Guid(01567081b68857542b2eb2801552299b) Importer(815301076,1909f56bfc062723c751e8b465ee728b)  -> (artifact id: '48b5fdc4ab988427d04070c2406b8abe') in 0.019196 seconds 
========================================================================
Received Import Request.
  Time since last request: 0.000042 seconds.
  path: Assets/Art/mystic_woods/tilesets/Tiles/fences_6.asset
  artifactKey: Guid(09e3e577c0a37b8419f84b73f5c38ecd) Importer(815301076,1909f56bfc062723c751e8b465ee728b)
Start importing Assets/Art/mystic_woods/tilesets/Tiles/fences_6.asset using Guid(09e3e577c0a37b8419f84b73f5c38ecd) Importer(815301076,1909f56bfc062723c751e8b465ee728b)  -> (artifact id: '91635b3c13c02e86cf4def489b82943b') in 0.012946 seconds 
========================================================================
Received Import Request.
  Time since last request: 0.000036 seconds.
  path: Assets/Art/mystic_woods/tilesets/Tiles/fences_7.asset
  artifactKey: Guid(3be2a0fa2fda9914a827696f7a8d0783) Importer(815301076,1909f56bfc062723c751e8b465ee728b)
Start importing Assets/Art/mystic_woods/tilesets/Tiles/fences_7.asset using Guid(3be2a0fa2fda9914a827696f7a8d0783) Importer(815301076,1909f56bfc062723c751e8b465ee728b)  -> (artifact id: 'aca1da9e159de9ef0e327990366aac5f') in 0.013085 seconds 
========================================================================
Received Import Request.
  Time since last request: 0.000042 seconds.
  path: Assets/Art/mystic_woods/tilesets/Tiles/decor_16x16_3.asset
  artifactKey: Guid(af339a5672c3746439fc6a706f4b195b) Importer(815301076,1909f56bfc062723c751e8b465ee728b)
Start importing Assets/Art/mystic_woods/tilesets/Tiles/decor_16x16_3.asset using Guid(af339a5672c3746439fc6a706f4b195b) Importer(815301076,1909f56bfc062723c751e8b465ee728b)  -> (artifact id: '94105e3cc357d582dca2942b5e9110c5') in 0.018282 seconds 
========================================================================
Received Import Request.
  Time since last request: 0.000034 seconds.
  path: Assets/Art/mystic_woods/tilesets/Tiles/fences_15.asset
  artifactKey: Guid(db445f172e6fba9429914c33f626ddfa) Importer(815301076,1909f56bfc062723c751e8b465ee728b)
Start importing Assets/Art/mystic_woods/tilesets/Tiles/fences_15.asset using Guid(db445f172e6fba9429914c33f626ddfa) Importer(815301076,1909f56bfc062723c751e8b465ee728b)  -> (artifact id: '15d58ec5adcc7fc2df2bf37a58b94eb6') in 0.013892 seconds 
========================================================================
Received Import Request.
  Time since last request: 0.000039 seconds.
  path: Assets/Art/mystic_woods/tilesets/Tiles/fences_14.asset
  artifactKey: Guid(a47d73ada0c152442846362daa0e47db) Importer(815301076,1909f56bfc062723c751e8b465ee728b)
Start importing Assets/Art/mystic_woods/tilesets/Tiles/fences_14.asset using Guid(a47d73ada0c152442846362daa0e47db) Importer(815301076,1909f56bfc062723c751e8b465ee728b)  -> (artifact id: '574a4a020ead68a8a82a44b33bd75dce') in 0.014679 seconds 
========================================================================
Received Import Request.
  Time since last request: 0.000039 seconds.
  path: Assets/Art/mystic_woods/tilesets/Tiles/fences_1.asset
  artifactKey: Guid(7d05a78775d5204429877a15e8e0f304) Importer(815301076,1909f56bfc062723c751e8b465ee728b)
Start importing Assets/Art/mystic_woods/tilesets/Tiles/fences_1.asset using Guid(7d05a78775d5204429877a15e8e0f304) Importer(815301076,1909f56bfc062723c751e8b465ee728b)  -> (artifact id: 'f8e64348d4138c1e446816cfe5aebd3a') in 0.014361 seconds 
========================================================================
Received Import Request.
  Time since last request: 0.000036 seconds.
  path: Assets/Art/mystic_woods/tilesets/Tiles/fences_10.asset
  artifactKey: Guid(1346e03f1f780274ab32363721053e2e) Importer(815301076,1909f56bfc062723c751e8b465ee728b)
Start importing Assets/Art/mystic_woods/tilesets/Tiles/fences_10.asset using Guid(1346e03f1f780274ab32363721053e2e) Importer(815301076,1909f56bfc062723c751e8b465ee728b)  -> (artifact id: '636371115312cea5d5613d2ee79c6a74') in 0.016828 seconds 
Editor requested this worker to shutdown with reason: Scaling down because of idle timeout
AssetImportWorker is now disconnected from the server
Process exiting
Exiting without the bug reporter. Application will terminate with return code 0