Using pre-set license
Built from '2021.3/staging' branch; Version is '2021.3.7f1 (24e8595d6d43) revision 2418777'; Using compiler version '192829333'; Build Type 'Release'
OS: 'Windows 11  (10.0.22000) 64bit Professional' Language: 'ko' Physical Memory: 14020 MB
BatchMode: 1, IsHumanControllingUs: 0, StartBugReporterOnCrash: 0, Is64bit: 1, IsPro: 1

COMMAND LINE ARGUMENTS:
C:\Program Files\Unity\Hub\Editor\2021.3.7f1\Editor\Unity.exe
-adb2
-batchMode
-noUpm
-name
AssetImportWorker6
-projectPath
C:/Users/6800U/Desktop/Unity/TopDown2DGame/TopDown2DGame
-logFile
Logs/AssetImportWorker6.log
-srvPort
50912
Successfully changed project path to: C:/Users/6800U/Desktop/Unity/TopDown2DGame/TopDown2DGame
C:/Users/6800U/Desktop/Unity/TopDown2DGame/TopDown2DGame
[UnityMemory] Configuration Parameters - Can be set up in boot.config
    "memorysetup-bucket-allocator-granularity=16"
    "memorysetup-bucket-allocator-bucket-count=8"
    "memorysetup-bucket-allocator-block-size=33554432"
    "memorysetup-bucket-allocator-block-count=8"
    "memorysetup-main-allocator-block-size=16777216"
    "memorysetup-thread-allocator-block-size=16777216"
    "memorysetup-gfx-main-allocator-block-size=16777216"
    "memorysetup-gfx-thread-allocator-block-size=16777216"
    "memorysetup-cache-allocator-block-size=4194304"
    "memorysetup-typetree-allocator-block-size=2097152"
    "memorysetup-profiler-bucket-allocator-granularity=16"
    "memorysetup-profiler-bucket-allocator-bucket-count=8"
    "memorysetup-profiler-bucket-allocator-block-size=33554432"
    "memorysetup-profiler-bucket-allocator-block-count=8"
    "memorysetup-profiler-allocator-block-size=16777216"
    "memorysetup-profiler-editor-allocator-block-size=1048576"
    "memorysetup-temp-allocator-size-main=16777216"
    "memorysetup-job-temp-allocator-block-size=2097152"
    "memorysetup-job-temp-allocator-block-size-background=1048576"
    "memorysetup-job-temp-allocator-reduction-small-platforms=262144"
    "memorysetup-temp-allocator-size-background-worker=32768"
    "memorysetup-temp-allocator-size-job-worker=262144"
    "memorysetup-temp-allocator-size-preload-manager=33554432"
    "memorysetup-temp-allocator-size-nav-mesh-worker=65536"
    "memorysetup-temp-allocator-size-audio-worker=65536"
    "memorysetup-temp-allocator-size-cloud-worker=32768"
    "memorysetup-temp-allocator-size-gi-baking-worker=262144"
    "memorysetup-temp-allocator-size-gfx=262144"
Refreshing native plugins compatible for Editor in 87.97 ms, found 4 plugins.
Preloading 0 native plugins for Editor in 0.00 ms.
Initialize engine version: 2021.3.7f1 (24e8595d6d43)
[Subsystems] Discovering subsystems at path C:/Program Files/Unity/Hub/Editor/2021.3.7f1/Editor/Data/Resources/UnitySubsystems
[Subsystems] Discovering subsystems at path C:/Users/6800U/Desktop/Unity/TopDown2DGame/TopDown2DGame/Assets
GfxDevice: creating device client; threaded=0; jobified=0
Direct3D:
    Version:  Direct3D 11.0 [level 11.1]
    Renderer: AMD Radeon(TM) Graphics (ID=0x1681)
    Vendor:   ATI
    VRAM:     7010 MB
    Driver:   30.0.14044.3001
Initialize mono
Mono path[0] = 'C:/Program Files/Unity/Hub/Editor/2021.3.7f1/Editor/Data/Managed'
Mono path[1] = 'C:/Program Files/Unity/Hub/Editor/2021.3.7f1/Editor/Data/MonoBleedingEdge/lib/mono/unityjit-win32'
Mono config path = 'C:/Program Files/Unity/Hub/Editor/2021.3.7f1/Editor/Data/MonoBleedingEdge/etc'
Using monoOptions --debugger-agent=transport=dt_socket,embedding=1,server=y,suspend=n,address=127.0.0.1:56128
Begin MonoManager ReloadAssembly
Registering precompiled unity dll's ...
Register platform support module: C:/Program Files/Unity/Hub/Editor/2021.3.7f1/Editor/Data/PlaybackEngines/WebGLSupport/UnityEditor.WebGL.Extensions.dll
Register platform support module: C:/Program Files/Unity/Hub/Editor/2021.3.7f1/Editor/Data/PlaybackEngines/AndroidPlayer/UnityEditor.Android.Extensions.dll
Register platform support module: C:/Program Files/Unity/Hub/Editor/2021.3.7f1/Editor/Data/PlaybackEngines/WindowsStandaloneSupport/UnityEditor.WindowsStandalone.Extensions.dll
Registered in 0.003792 seconds.
Native extension for WindowsStandalone target not found
Native extension for Android target not found
Native extension for WebGL target not found
Refreshing native plugins compatible for Editor in 88.00 ms, found 4 plugins.
Preloading 0 native plugins for Editor in 0.00 ms.
Mono: successfully reloaded assembly
- Completed reload, in  0.560 seconds
Domain Reload Profiling:
	ReloadAssembly (561ms)
		BeginReloadAssembly (51ms)
			ExecutionOrderSort (0ms)
			DisableScriptedObjects (0ms)
			BackupInstance (0ms)
			ReleaseScriptingObjects (0ms)
			CreateAndSetChildDomain (1ms)
		EndReloadAssembly (428ms)
			LoadAssemblies (49ms)
			RebuildTransferFunctionScriptingTraits (0ms)
			SetupTypeCache (93ms)
			ReleaseScriptCaches (0ms)
			RebuildScriptCaches (28ms)
			SetupLoadedEditorAssemblies (261ms)
				LogAssemblyErrors (0ms)
				InitializePlatformSupportModulesInManaged (53ms)
				SetLoadedEditorAssemblies (0ms)
				RefreshPlugins (88ms)
				BeforeProcessingInitializeOnLoad (1ms)
				ProcessInitializeOnLoadAttributes (82ms)
				ProcessInitializeOnLoadMethodAttributes (37ms)
				AfterProcessingInitializeOnLoad (0ms)
				EditorAssembliesLoaded (0ms)
			ExecutionOrderSort2 (0ms)
			AwakeInstancesAfterBackupRestoration (0ms)
Platform modules already initialized, skipping
Registering precompiled user dll's ...
Registered in 0.004880 seconds.
Begin MonoManager ReloadAssembly
Symbol file LoadedFromMemory doesn't match image C:\Users\6800U\Desktop\Unity\TopDown2DGame\TopDown2DGame\Library\PackageCache\com.unity.visualscripting@1.7.8\Editor\VisualScripting.Core\Dependencies\YamlDotNet\Unity.VisualScripting.YamlDotNet.dll
Symbol file LoadedFromMemory doesn't match image C:\Users\6800U\Desktop\Unity\TopDown2DGame\TopDown2DGame\Library\PackageCache\com.unity.visualscripting@1.7.8\Editor\VisualScripting.Core\Dependencies\DotNetZip\Unity.VisualScripting.IonicZip.dll
Native extension for WindowsStandalone target not found
Native extension for Android target not found
Native extension for WebGL target not found
Refreshing native plugins compatible for Editor in 81.34 ms, found 4 plugins.
Preloading 0 native plugins for Editor in 0.00 ms.
Mono: successfully reloaded assembly
- Completed reload, in  1.109 seconds
Domain Reload Profiling:
	ReloadAssembly (1110ms)
		BeginReloadAssembly (191ms)
			ExecutionOrderSort (0ms)
			DisableScriptedObjects (4ms)
			BackupInstance (0ms)
			ReleaseScriptingObjects (0ms)
			CreateAndSetChildDomain (129ms)
		EndReloadAssembly (831ms)
			LoadAssemblies (64ms)
			RebuildTransferFunctionScriptingTraits (0ms)
			SetupTypeCache (200ms)
			ReleaseScriptCaches (1ms)
			RebuildScriptCaches (55ms)
			SetupLoadedEditorAssemblies (468ms)
				LogAssemblyErrors (0ms)
				InitializePlatformSupportModulesInManaged (11ms)
				SetLoadedEditorAssemblies (0ms)
				RefreshPlugins (81ms)
				BeforeProcessingInitializeOnLoad (83ms)
				ProcessInitializeOnLoadAttributes (251ms)
				ProcessInitializeOnLoadMethodAttributes (37ms)
				AfterProcessingInitializeOnLoad (4ms)
				EditorAssembliesLoaded (0ms)
			ExecutionOrderSort2 (0ms)
			AwakeInstancesAfterBackupRestoration (4ms)
Platform modules already initialized, skipping
========================================================================
Worker process is ready to serve import requests
Launched and connected shader compiler UnityShaderCompiler.exe after 0.04 seconds
Refreshing native plugins compatible for Editor in 0.98 ms, found 4 plugins.
Preloading 0 native plugins for Editor in 0.00 ms.
Unloading 4564 Unused Serialized files (Serialized files now loaded: 0)
Unloading 61 unused Assets / (293.6 KB). Loaded Objects now: 5016.
Memory consumption went from 174.8 MB to 174.5 MB.
Total: 4.173500 ms (FindLiveObjects: 0.415200 ms CreateObjectMapping: 0.180900 ms MarkObjects: 3.391700 ms  DeleteObjects: 0.184800 ms)

AssetImportParameters requested are different than current active one (requested -> active):
  custom:video-decoder-ogg-theora: a1e56fd34408186e4bbccfd4996cb3dc -> 
  custom:container-muxer-webm: aa71ff27fc2769a1b78a27578f13a17b -> 
  custom:container-demuxer-webm: 4f35f7cbe854078d1ac9338744f61a02 -> 
  custom:video-encoder-webm-vp8: eb34c28f22e8b96e1ab97ce403110664 -> 
  custom:audio-encoder-webm-vorbis: bf7c407c2cedff20999df2af8eb42d56 -> 
  custom:framework-win-MediaFoundation: 216162199b28c13a410421893ffa2e32 -> 
  custom:container-demuxer-ogg: 62fdf1f143b41e24485cea50d1cbac27 -> 
  custom:video-decoder-webm-vp8: 9c59270c3fd7afecdb556c50c9e8de78 -> 
  custom:audio-decoder-ogg-vorbis: bf7c407c2cedff20999df2af8eb42d56 -> 
========================================================================
Received Import Request.
  Time since last request: 176013.771029 seconds.
  path: Assets/Art/knight/_AttackComboNoMovement.png
  artifactKey: Guid(6af9ff14b5a023a47bdd16b332fda009) Importer(815301076,1909f56bfc062723c751e8b465ee728b)
Start importing Assets/Art/knight/_AttackComboNoMovement.png using Guid(6af9ff14b5a023a47bdd16b332fda009) Importer(815301076,1909f56bfc062723c751e8b465ee728b)  -> (artifact id: 'add81c1bb9bce0439532439b9f0b8f1e') in 0.124517 seconds 
========================================================================
Received Import Request.
  Time since last request: 0.000032 seconds.
  path: Assets/Art/knight/_WallClimbNoMovement.png
  artifactKey: Guid(6b342ae4dd4c96043ba3844c90a71190) Importer(815301076,1909f56bfc062723c751e8b465ee728b)
Start importing Assets/Art/knight/_WallClimbNoMovement.png using Guid(6b342ae4dd4c96043ba3844c90a71190) Importer(815301076,1909f56bfc062723c751e8b465ee728b)  -> (artifact id: 'cb6f89d5170b24ddad915d9b43d1084f') in 0.029591 seconds 
========================================================================
Received Import Request.
  Time since last request: 0.000043 seconds.
  path: Assets/Art/knight/_SlideAll.png
  artifactKey: Guid(5e4322de016593f45b52da6fcd2f5469) Importer(815301076,1909f56bfc062723c751e8b465ee728b)
Start importing Assets/Art/knight/_SlideAll.png using Guid(5e4322de016593f45b52da6fcd2f5469) Importer(815301076,1909f56bfc062723c751e8b465ee728b)  -> (artifact id: '9485c15559733d8add296d3f4ceec7b1') in 0.027676 seconds 
========================================================================
Received Import Request.
  Time since last request: 0.000057 seconds.
  path: Assets/Art/knight/_AttackCombo.png
  artifactKey: Guid(e6cf2453363d65a468e2174a5bd6b7db) Importer(815301076,1909f56bfc062723c751e8b465ee728b)
Start importing Assets/Art/knight/_AttackCombo.png using Guid(e6cf2453363d65a468e2174a5bd6b7db) Importer(815301076,1909f56bfc062723c751e8b465ee728b)  -> (artifact id: '4954aa8ea3efe17a4dc5679d20d72e62') in 0.024085 seconds 
========================================================================
Received Import Request.
  Time since last request: 0.000037 seconds.
  path: Assets/Art/knight/_JumpFallInbetween.png
  artifactKey: Guid(7df702c6781cb42449feaf6211d0035c) Importer(815301076,1909f56bfc062723c751e8b465ee728b)
Start importing Assets/Art/knight/_JumpFallInbetween.png using Guid(7df702c6781cb42449feaf6211d0035c) Importer(815301076,1909f56bfc062723c751e8b465ee728b)  -> (artifact id: '9b3b4b808967a9bc286c38867a898524') in 0.019954 seconds 
========================================================================
Received Import Request.
  Time since last request: 0.000042 seconds.
  path: Assets/Art/knight/_AttackNoMovement.png
  artifactKey: Guid(0b201cf9adbfe324e84bf8dede84db35) Importer(815301076,1909f56bfc062723c751e8b465ee728b)
Start importing Assets/Art/knight/_AttackNoMovement.png using Guid(0b201cf9adbfe324e84bf8dede84db35) Importer(815301076,1909f56bfc062723c751e8b465ee728b)  -> (artifact id: '548ad4a09b526cadc9bb3a443dce0d59') in 0.020407 seconds 
========================================================================
Received Import Request.
  Time since last request: 0.000030 seconds.
  path: Assets/Art/knight/_Dash.png
  artifactKey: Guid(168d11372581fd64ab3fbdb4d76aaab1) Importer(815301076,1909f56bfc062723c751e8b465ee728b)
Start importing Assets/Art/knight/_Dash.png using Guid(168d11372581fd64ab3fbdb4d76aaab1) Importer(815301076,1909f56bfc062723c751e8b465ee728b)  -> (artifact id: 'e028cf4b6d8482fdf5713c700b52b864') in 0.015134 seconds 
========================================================================
Received Import Request.
  Time since last request: 0.000037 seconds.
  path: Assets/Art/knight/_Death.png
  artifactKey: Guid(300921dc7512bcf43a09f50103f47761) Importer(815301076,1909f56bfc062723c751e8b465ee728b)
Start importing Assets/Art/knight/_Death.png using Guid(300921dc7512bcf43a09f50103f47761) Importer(815301076,1909f56bfc062723c751e8b465ee728b)  -> (artifact id: 'e0782c650d053aa63a867f8d2e919d7c') in 0.023225 seconds 
========================================================================
Received Import Request.
  Time since last request: 0.000039 seconds.
  path: Assets/Art/knight/_CrouchAttack.png
  artifactKey: Guid(ce1aa4b075cf83148aa59d89d713c7ee) Importer(815301076,1909f56bfc062723c751e8b465ee728b)
Start importing Assets/Art/knight/_CrouchAttack.png using Guid(ce1aa4b075cf83148aa59d89d713c7ee) Importer(815301076,1909f56bfc062723c751e8b465ee728b)  -> (artifact id: '059484a6e5d1bfe12e4e7984361843ab') in 0.020695 seconds 
========================================================================
Received Import Request.
  Time since last request: 0.000046 seconds.
  path: Assets/Art/knight/_Jump.png
  artifactKey: Guid(bced2e625b6a7d24a9f6c11323c17c4c) Importer(815301076,1909f56bfc062723c751e8b465ee728b)
Start importing Assets/Art/knight/_Jump.png using Guid(bced2e625b6a7d24a9f6c11323c17c4c) Importer(815301076,1909f56bfc062723c751e8b465ee728b)  -> (artifact id: '7a5edc893f0b29ae2e0781fcf6c03395') in 0.016128 seconds 
========================================================================
Received Import Request.
  Time since last request: 0.000049 seconds.
  path: Assets/Art/knight/_DeathNoMovement.png
  artifactKey: Guid(277b82bc8375d654a933659d88dc8af8) Importer(815301076,1909f56bfc062723c751e8b465ee728b)
Start importing Assets/Art/knight/_DeathNoMovement.png using Guid(277b82bc8375d654a933659d88dc8af8) Importer(815301076,1909f56bfc062723c751e8b465ee728b)  -> (artifact id: '4f0bd899228a522deb58329ec2d4be10') in 0.025770 seconds 
========================================================================
Received Import Request.
  Time since last request: 0.000032 seconds.
  path: Assets/Art/knight/_Run.png
  artifactKey: Guid(61c3eb1a0d2e7b745898a31c2773098f) Importer(815301076,1909f56bfc062723c751e8b465ee728b)
Start importing Assets/Art/knight/_Run.png using Guid(61c3eb1a0d2e7b745898a31c2773098f) Importer(815301076,1909f56bfc062723c751e8b465ee728b)  -> (artifact id: '5ee6f0ac96aef6ffa795dc465683fce0') in 0.024202 seconds 
Editor requested this worker to shutdown with reason: Scaling down because of idle timeout
AssetImportWorker is now disconnected from the server
Process exiting
Exiting without the bug reporter. Application will terminate with return code 0