Using pre-set license
Built from '2021.3/staging' branch; Version is '2021.3.7f1 (24e8595d6d43) revision 2418777'; Using compiler version '192829333'; Build Type 'Release'
OS: 'Windows 11  (10.0.22000) 64bit Professional' Language: 'ko' Physical Memory: 14020 MB
BatchMode: 1, IsHumanControllingUs: 0, StartBugReporterOnCrash: 0, Is64bit: 1, IsPro: 1

COMMAND LINE ARGUMENTS:
C:\Program Files\Unity\Hub\Editor\2021.3.7f1\Editor\Unity.exe
-adb2
-batchMode
-noUpm
-name
AssetImportWorker5
-projectPath
C:/Users/6800U/Desktop/Unity/TopDown2DGame/TopDown2DGame
-logFile
Logs/AssetImportWorker5.log
-srvPort
51481
Successfully changed project path to: C:/Users/6800U/Desktop/Unity/TopDown2DGame/TopDown2DGame
C:/Users/6800U/Desktop/Unity/TopDown2DGame/TopDown2DGame
[UnityMemory] Configuration Parameters - Can be set up in boot.config
    "memorysetup-bucket-allocator-granularity=16"
    "memorysetup-bucket-allocator-bucket-count=8"
    "memorysetup-bucket-allocator-block-size=33554432"
    "memorysetup-bucket-allocator-block-count=8"
    "memorysetup-main-allocator-block-size=16777216"
    "memorysetup-thread-allocator-block-size=16777216"
    "memorysetup-gfx-main-allocator-block-size=16777216"
    "memorysetup-gfx-thread-allocator-block-size=16777216"
    "memorysetup-cache-allocator-block-size=4194304"
    "memorysetup-typetree-allocator-block-size=2097152"
    "memorysetup-profiler-bucket-allocator-granularity=16"
    "memorysetup-profiler-bucket-allocator-bucket-count=8"
    "memorysetup-profiler-bucket-allocator-block-size=33554432"
    "memorysetup-profiler-bucket-allocator-block-count=8"
    "memorysetup-profiler-allocator-block-size=16777216"
    "memorysetup-profiler-editor-allocator-block-size=1048576"
    "memorysetup-temp-allocator-size-main=16777216"
    "memorysetup-job-temp-allocator-block-size=2097152"
    "memorysetup-job-temp-allocator-block-size-background=1048576"
    "memorysetup-job-temp-allocator-reduction-small-platforms=262144"
    "memorysetup-temp-allocator-size-background-worker=32768"
    "memorysetup-temp-allocator-size-job-worker=262144"
    "memorysetup-temp-allocator-size-preload-manager=33554432"
    "memorysetup-temp-allocator-size-nav-mesh-worker=65536"
    "memorysetup-temp-allocator-size-audio-worker=65536"
    "memorysetup-temp-allocator-size-cloud-worker=32768"
    "memorysetup-temp-allocator-size-gi-baking-worker=262144"
    "memorysetup-temp-allocator-size-gfx=262144"
Refreshing native plugins compatible for Editor in 82.73 ms, found 4 plugins.
Preloading 0 native plugins for Editor in 0.00 ms.
Initialize engine version: 2021.3.7f1 (24e8595d6d43)
[Subsystems] Discovering subsystems at path C:/Program Files/Unity/Hub/Editor/2021.3.7f1/Editor/Data/Resources/UnitySubsystems
[Subsystems] Discovering subsystems at path C:/Users/6800U/Desktop/Unity/TopDown2DGame/TopDown2DGame/Assets
GfxDevice: creating device client; threaded=0; jobified=0
Direct3D:
    Version:  Direct3D 11.0 [level 11.1]
    Renderer: AMD Radeon(TM) Graphics (ID=0x1681)
    Vendor:   ATI
    VRAM:     7010 MB
    Driver:   30.0.14044.3001
Initialize mono
Mono path[0] = 'C:/Program Files/Unity/Hub/Editor/2021.3.7f1/Editor/Data/Managed'
Mono path[1] = 'C:/Program Files/Unity/Hub/Editor/2021.3.7f1/Editor/Data/MonoBleedingEdge/lib/mono/unityjit-win32'
Mono config path = 'C:/Program Files/Unity/Hub/Editor/2021.3.7f1/Editor/Data/MonoBleedingEdge/etc'
Using monoOptions --debugger-agent=transport=dt_socket,embedding=1,server=y,suspend=n,address=127.0.0.1:56140
Begin MonoManager ReloadAssembly
Registering precompiled unity dll's ...
Register platform support module: C:/Program Files/Unity/Hub/Editor/2021.3.7f1/Editor/Data/PlaybackEngines/WebGLSupport/UnityEditor.WebGL.Extensions.dll
Register platform support module: C:/Program Files/Unity/Hub/Editor/2021.3.7f1/Editor/Data/PlaybackEngines/AndroidPlayer/UnityEditor.Android.Extensions.dll
Register platform support module: C:/Program Files/Unity/Hub/Editor/2021.3.7f1/Editor/Data/PlaybackEngines/WindowsStandaloneSupport/UnityEditor.WindowsStandalone.Extensions.dll
Registered in 0.004570 seconds.
Native extension for WindowsStandalone target not found
Native extension for Android target not found
Native extension for WebGL target not found
Refreshing native plugins compatible for Editor in 79.93 ms, found 4 plugins.
Preloading 0 native plugins for Editor in 0.00 ms.
Mono: successfully reloaded assembly
- Completed reload, in  0.555 seconds
Domain Reload Profiling:
	ReloadAssembly (555ms)
		BeginReloadAssembly (54ms)
			ExecutionOrderSort (0ms)
			DisableScriptedObjects (0ms)
			BackupInstance (0ms)
			ReleaseScriptingObjects (0ms)
			CreateAndSetChildDomain (1ms)
		EndReloadAssembly (416ms)
			LoadAssemblies (53ms)
			RebuildTransferFunctionScriptingTraits (0ms)
			SetupTypeCache (84ms)
			ReleaseScriptCaches (0ms)
			RebuildScriptCaches (29ms)
			SetupLoadedEditorAssemblies (260ms)
				LogAssemblyErrors (0ms)
				InitializePlatformSupportModulesInManaged (45ms)
				SetLoadedEditorAssemblies (1ms)
				RefreshPlugins (80ms)
				BeforeProcessingInitializeOnLoad (1ms)
				ProcessInitializeOnLoadAttributes (86ms)
				ProcessInitializeOnLoadMethodAttributes (46ms)
				AfterProcessingInitializeOnLoad (0ms)
				EditorAssembliesLoaded (0ms)
			ExecutionOrderSort2 (0ms)
			AwakeInstancesAfterBackupRestoration (0ms)
Platform modules already initialized, skipping
Registering precompiled user dll's ...
Registered in 0.005741 seconds.
Begin MonoManager ReloadAssembly
Symbol file LoadedFromMemory doesn't match image C:\Users\6800U\Desktop\Unity\TopDown2DGame\TopDown2DGame\Library\PackageCache\com.unity.visualscripting@1.7.8\Editor\VisualScripting.Core\Dependencies\YamlDotNet\Unity.VisualScripting.YamlDotNet.dll
Symbol file LoadedFromMemory doesn't match image C:\Users\6800U\Desktop\Unity\TopDown2DGame\TopDown2DGame\Library\PackageCache\com.unity.visualscripting@1.7.8\Editor\VisualScripting.Core\Dependencies\DotNetZip\Unity.VisualScripting.IonicZip.dll
Native extension for WindowsStandalone target not found
Native extension for Android target not found
Native extension for WebGL target not found
Refreshing native plugins compatible for Editor in 89.35 ms, found 4 plugins.
Preloading 0 native plugins for Editor in 0.00 ms.
Mono: successfully reloaded assembly
- Completed reload, in  1.115 seconds
Domain Reload Profiling:
	ReloadAssembly (1116ms)
		BeginReloadAssembly (196ms)
			ExecutionOrderSort (0ms)
			DisableScriptedObjects (5ms)
			BackupInstance (0ms)
			ReleaseScriptingObjects (0ms)
			CreateAndSetChildDomain (127ms)
		EndReloadAssembly (829ms)
			LoadAssemblies (64ms)
			RebuildTransferFunctionScriptingTraits (0ms)
			SetupTypeCache (193ms)
			ReleaseScriptCaches (1ms)
			RebuildScriptCaches (56ms)
			SetupLoadedEditorAssemblies (471ms)
				LogAssemblyErrors (0ms)
				InitializePlatformSupportModulesInManaged (11ms)
				SetLoadedEditorAssemblies (0ms)
				RefreshPlugins (89ms)
				BeforeProcessingInitializeOnLoad (85ms)
				ProcessInitializeOnLoadAttributes (243ms)
				ProcessInitializeOnLoadMethodAttributes (39ms)
				AfterProcessingInitializeOnLoad (4ms)
				EditorAssembliesLoaded (0ms)
			ExecutionOrderSort2 (0ms)
			AwakeInstancesAfterBackupRestoration (4ms)
Platform modules already initialized, skipping
========================================================================
Worker process is ready to serve import requests
Launched and connected shader compiler UnityShaderCompiler.exe after 0.04 seconds
Refreshing native plugins compatible for Editor in 1.04 ms, found 4 plugins.
Preloading 0 native plugins for Editor in 0.00 ms.
Unloading 4564 Unused Serialized files (Serialized files now loaded: 0)
Unloading 61 unused Assets / (293.3 KB). Loaded Objects now: 5015.
Memory consumption went from 174.8 MB to 174.5 MB.
Total: 3.849600 ms (FindLiveObjects: 0.478600 ms CreateObjectMapping: 0.186500 ms MarkObjects: 3.006400 ms  DeleteObjects: 0.177400 ms)

AssetImportParameters requested are different than current active one (requested -> active):
  custom:video-decoder-ogg-theora: a1e56fd34408186e4bbccfd4996cb3dc -> 
  custom:container-muxer-webm: aa71ff27fc2769a1b78a27578f13a17b -> 
  custom:container-demuxer-webm: 4f35f7cbe854078d1ac9338744f61a02 -> 
  custom:video-encoder-webm-vp8: eb34c28f22e8b96e1ab97ce403110664 -> 
  custom:audio-encoder-webm-vorbis: bf7c407c2cedff20999df2af8eb42d56 -> 
  custom:framework-win-MediaFoundation: 216162199b28c13a410421893ffa2e32 -> 
  custom:container-demuxer-ogg: 62fdf1f143b41e24485cea50d1cbac27 -> 
  custom:video-decoder-webm-vp8: 9c59270c3fd7afecdb556c50c9e8de78 -> 
  custom:audio-decoder-ogg-vorbis: bf7c407c2cedff20999df2af8eb42d56 -> 
========================================================================
Received Import Request.
  Time since last request: 172397.094524 seconds.
  path: Assets/Art/rpg-pack/tiles/generic-rpg-house-inn_1.asset
  artifactKey: Guid(5e328258dd5a86941a6760f32eb7aba2) Importer(815301076,1909f56bfc062723c751e8b465ee728b)
Start importing Assets/Art/rpg-pack/tiles/generic-rpg-house-inn_1.asset using Guid(5e328258dd5a86941a6760f32eb7aba2) Importer(815301076,1909f56bfc062723c751e8b465ee728b)  -> (artifact id: '030f455ac8622b04e2da3ed29b67c8d5') in 0.087536 seconds 
========================================================================
Received Import Request.
  Time since last request: 0.000039 seconds.
  path: Assets/Art/rpg-pack/tiles/generic-rpg-house-inn_34.asset
  artifactKey: Guid(5b0ac94a2578d8e449668c507a5ee265) Importer(815301076,1909f56bfc062723c751e8b465ee728b)
Start importing Assets/Art/rpg-pack/tiles/generic-rpg-house-inn_34.asset using Guid(5b0ac94a2578d8e449668c507a5ee265) Importer(815301076,1909f56bfc062723c751e8b465ee728b)  -> (artifact id: '959dc6f8af2541a34a6131c45c1ac053') in 0.015630 seconds 
========================================================================
Received Import Request.
  Time since last request: 0.000069 seconds.
  path: Assets/Art/rpg-pack/tiles/generic-rpg-house-inn_47.asset
  artifactKey: Guid(7ac029e4363ede146ac2f8097bf4fe65) Importer(815301076,1909f56bfc062723c751e8b465ee728b)
Start importing Assets/Art/rpg-pack/tiles/generic-rpg-house-inn_47.asset using Guid(7ac029e4363ede146ac2f8097bf4fe65) Importer(815301076,1909f56bfc062723c751e8b465ee728b)  -> (artifact id: '65f1218fa8781a1857910b289184255c') in 0.013566 seconds 
========================================================================
Received Import Request.
  Time since last request: 0.000041 seconds.
  path: Assets/Art/rpg-pack/tiles/generic-rpg-house-inn_31.asset
  artifactKey: Guid(ea4d13b52d48b984a8afa05917f6355a) Importer(815301076,1909f56bfc062723c751e8b465ee728b)
Start importing Assets/Art/rpg-pack/tiles/generic-rpg-house-inn_31.asset using Guid(ea4d13b52d48b984a8afa05917f6355a) Importer(815301076,1909f56bfc062723c751e8b465ee728b)  -> (artifact id: 'bb49474d439af8fc8d173fc144413f4b') in 0.012173 seconds 
========================================================================
Received Import Request.
  Time since last request: 0.000050 seconds.
  path: Assets/Art/rpg-pack/tiles/generic-rpg-house-inn_50.asset
  artifactKey: Guid(f67c091883a2e5b498fca9622a8a795e) Importer(815301076,1909f56bfc062723c751e8b465ee728b)
Start importing Assets/Art/rpg-pack/tiles/generic-rpg-house-inn_50.asset using Guid(f67c091883a2e5b498fca9622a8a795e) Importer(815301076,1909f56bfc062723c751e8b465ee728b)  -> (artifact id: '7e7fa2df4b9ee0bf3d3a7cc876fc306e') in 0.012934 seconds 
========================================================================
Received Import Request.
  Time since last request: 0.000053 seconds.
  path: Assets/Art/rpg-pack/tiles/generic-rpg-house-inn_5.asset
  artifactKey: Guid(f7badf55c141cd34698a5879c1490ee4) Importer(815301076,1909f56bfc062723c751e8b465ee728b)
Start importing Assets/Art/rpg-pack/tiles/generic-rpg-house-inn_5.asset using Guid(f7badf55c141cd34698a5879c1490ee4) Importer(815301076,1909f56bfc062723c751e8b465ee728b)  -> (artifact id: '2cac592b711a2764d089e7b78e81234c') in 0.011736 seconds 
========================================================================
Received Import Request.
  Time since last request: 0.000027 seconds.
  path: Assets/Art/rpg-pack/tiles/generic-rpg-house-inn_36.asset
  artifactKey: Guid(8bd5eb062acf94c479cc4bc3fdef56c7) Importer(815301076,1909f56bfc062723c751e8b465ee728b)
Start importing Assets/Art/rpg-pack/tiles/generic-rpg-house-inn_36.asset using Guid(8bd5eb062acf94c479cc4bc3fdef56c7) Importer(815301076,1909f56bfc062723c751e8b465ee728b)  -> (artifact id: '9494ab7bd877ca7cdec12104906adb9d') in 0.013922 seconds 
========================================================================
Received Import Request.
  Time since last request: 0.000030 seconds.
  path: Assets/Art/rpg-pack/tiles/generic-rpg-house-inn_13.asset
  artifactKey: Guid(b583a8f9a1882e543a310a205760c21c) Importer(815301076,1909f56bfc062723c751e8b465ee728b)
Start importing Assets/Art/rpg-pack/tiles/generic-rpg-house-inn_13.asset using Guid(b583a8f9a1882e543a310a205760c21c) Importer(815301076,1909f56bfc062723c751e8b465ee728b)  -> (artifact id: '9a84edfba7c77b42c27bef25591e896d') in 0.013893 seconds 
========================================================================
Received Import Request.
  Time since last request: 0.000028 seconds.
  path: Assets/Art/rpg-pack/tiles/generic-rpg-house-inn_40.asset
  artifactKey: Guid(79041281d34f26a4f8f9294ecfd1c552) Importer(815301076,1909f56bfc062723c751e8b465ee728b)
Start importing Assets/Art/rpg-pack/tiles/generic-rpg-house-inn_40.asset using Guid(79041281d34f26a4f8f9294ecfd1c552) Importer(815301076,1909f56bfc062723c751e8b465ee728b)  -> (artifact id: '710f545fd80b26c854738ef1c2886213') in 0.011900 seconds 
========================================================================
Received Import Request.
  Time since last request: 0.000026 seconds.
  path: Assets/Art/rpg-pack/tiles/generic-rpg-house-inn_48.asset
  artifactKey: Guid(adc227186ba40cc4288cee4c4b03e0e5) Importer(815301076,1909f56bfc062723c751e8b465ee728b)
Start importing Assets/Art/rpg-pack/tiles/generic-rpg-house-inn_48.asset using Guid(adc227186ba40cc4288cee4c4b03e0e5) Importer(815301076,1909f56bfc062723c751e8b465ee728b)  -> (artifact id: '0361d587ba87ce2baeea286c5c8333ea') in 0.018578 seconds 
========================================================================
Received Import Request.
  Time since last request: 0.000047 seconds.
  path: Assets/Art/rpg-pack/tiles/generic-rpg-house-inn_38.asset
  artifactKey: Guid(b2ab8e4e4e2b58f4286dc29452290b69) Importer(815301076,1909f56bfc062723c751e8b465ee728b)
Start importing Assets/Art/rpg-pack/tiles/generic-rpg-house-inn_38.asset using Guid(b2ab8e4e4e2b58f4286dc29452290b69) Importer(815301076,1909f56bfc062723c751e8b465ee728b)  -> (artifact id: '41cbe6c4fffecfd56eeae26fe6c53b38') in 0.012710 seconds 
========================================================================
Received Import Request.
  Time since last request: 0.000025 seconds.
  path: Assets/Art/rpg-pack/tiles/generic-rpg-house-inn_45.asset
  artifactKey: Guid(0aae48f4cdb69e3479da8740f4aa1d6d) Importer(815301076,1909f56bfc062723c751e8b465ee728b)
Start importing Assets/Art/rpg-pack/tiles/generic-rpg-house-inn_45.asset using Guid(0aae48f4cdb69e3479da8740f4aa1d6d) Importer(815301076,1909f56bfc062723c751e8b465ee728b)  -> (artifact id: '348125cedf243d3b0f9427ba50274238') in 0.012356 seconds 
========================================================================
Received Import Request.
  Time since last request: 0.000028 seconds.
  path: Assets/Art/rpg-pack/tiles/generic-rpg-house-inn_4.asset
  artifactKey: Guid(7509c1e0667ed3a48bfdfc365f4b0690) Importer(815301076,1909f56bfc062723c751e8b465ee728b)
Start importing Assets/Art/rpg-pack/tiles/generic-rpg-house-inn_4.asset using Guid(7509c1e0667ed3a48bfdfc365f4b0690) Importer(815301076,1909f56bfc062723c751e8b465ee728b)  -> (artifact id: '8a07730092f72e10af0d6f4d801a4649') in 0.013516 seconds 
========================================================================
Received Import Request.
  Time since last request: 0.000031 seconds.
  path: Assets/Art/rpg-pack/tiles/generic-rpg-house-inn_6.asset
  artifactKey: Guid(7eb3c6e834f92564e9f61e23a2ece773) Importer(815301076,1909f56bfc062723c751e8b465ee728b)
Start importing Assets/Art/rpg-pack/tiles/generic-rpg-house-inn_6.asset using Guid(7eb3c6e834f92564e9f61e23a2ece773) Importer(815301076,1909f56bfc062723c751e8b465ee728b)  -> (artifact id: 'c463a4d501d39076d1809e8813eb3ebe') in 0.014616 seconds 
========================================================================
Received Import Request.
  Time since last request: 0.000044 seconds.
  path: Assets/Art/rpg-pack/tiles/generic-rpg-house-inn_23.asset
  artifactKey: Guid(6cb9aeba971659e45b44577bb0188644) Importer(815301076,1909f56bfc062723c751e8b465ee728b)
Start importing Assets/Art/rpg-pack/tiles/generic-rpg-house-inn_23.asset using Guid(6cb9aeba971659e45b44577bb0188644) Importer(815301076,1909f56bfc062723c751e8b465ee728b)  -> (artifact id: '7bd255f5c75e8062c325acbcf8a4e675') in 0.013134 seconds 
========================================================================
Received Import Request.
  Time since last request: 0.000049 seconds.
  path: Assets/Art/rpg-pack/tiles/generic-rpg-house-inn_39.asset
  artifactKey: Guid(100a58edad5223f4da5f85e418eee67d) Importer(815301076,1909f56bfc062723c751e8b465ee728b)
Start importing Assets/Art/rpg-pack/tiles/generic-rpg-house-inn_39.asset using Guid(100a58edad5223f4da5f85e418eee67d) Importer(815301076,1909f56bfc062723c751e8b465ee728b)  -> (artifact id: '29594377d7aba1e495d4949d1d2c9878') in 0.013952 seconds 
========================================================================
Received Import Request.
  Time since last request: 0.000042 seconds.
  path: Assets/Art/rpg-pack/tiles/generic-rpg-house-inn_28.asset
  artifactKey: Guid(9c3ce1e283a62314bbffcf3b6c57677b) Importer(815301076,1909f56bfc062723c751e8b465ee728b)
Start importing Assets/Art/rpg-pack/tiles/generic-rpg-house-inn_28.asset using Guid(9c3ce1e283a62314bbffcf3b6c57677b) Importer(815301076,1909f56bfc062723c751e8b465ee728b)  -> (artifact id: '95f814883362858f3c8b5c7a036a34f2') in 0.016514 seconds 
========================================================================
Received Import Request.
  Time since last request: 0.000031 seconds.
  path: Assets/Art/rpg-pack/tiles/generic-rpg-house-inn_17.asset
  artifactKey: Guid(6b7a1755224bff842a9ca2a2b15b0adc) Importer(815301076,1909f56bfc062723c751e8b465ee728b)
Start importing Assets/Art/rpg-pack/tiles/generic-rpg-house-inn_17.asset using Guid(6b7a1755224bff842a9ca2a2b15b0adc) Importer(815301076,1909f56bfc062723c751e8b465ee728b)  -> (artifact id: '58ce1d5a1ed1435c9fc3ca95ad81e7fc') in 0.015047 seconds 
========================================================================
Received Import Request.
  Time since last request: 0.000033 seconds.
  path: Assets/Art/rpg-pack/tiles/generic-rpg-house-inn_44.asset
  artifactKey: Guid(7a03fb92a4bf9a54d9f272ebe872e7ff) Importer(815301076,1909f56bfc062723c751e8b465ee728b)
Start importing Assets/Art/rpg-pack/tiles/generic-rpg-house-inn_44.asset using Guid(7a03fb92a4bf9a54d9f272ebe872e7ff) Importer(815301076,1909f56bfc062723c751e8b465ee728b)  -> (artifact id: 'df704b7a2c657345209db09643e5adf7') in 0.011643 seconds 
========================================================================
Received Import Request.
  Time since last request: 0.000044 seconds.
  path: Assets/Art/rpg-pack/tiles/generic-rpg-house-inn_35.asset
  artifactKey: Guid(2a0fe6fca7107c44ebbfa9be9dd646e7) Importer(815301076,1909f56bfc062723c751e8b465ee728b)
Start importing Assets/Art/rpg-pack/tiles/generic-rpg-house-inn_35.asset using Guid(2a0fe6fca7107c44ebbfa9be9dd646e7) Importer(815301076,1909f56bfc062723c751e8b465ee728b)  -> (artifact id: 'a55b35afe8876de6c3aa67598f4ba87b') in 0.014960 seconds 
========================================================================
Received Import Request.
  Time since last request: 0.000021 seconds.
  path: Assets/Art/rpg-pack/tiles/generic-rpg-house-inn_51.asset
  artifactKey: Guid(b29d58aa63a06314da06b2c9b18c38d7) Importer(815301076,1909f56bfc062723c751e8b465ee728b)
Start importing Assets/Art/rpg-pack/tiles/generic-rpg-house-inn_51.asset using Guid(b29d58aa63a06314da06b2c9b18c38d7) Importer(815301076,1909f56bfc062723c751e8b465ee728b)  -> (artifact id: 'ef1a7925c0c8468e2bdf5989638d6f55') in 0.015006 seconds 
========================================================================
Received Import Request.
  Time since last request: 0.000035 seconds.
  path: Assets/Art/rpg-pack/tiles/generic-rpg-house-inn_30.asset
  artifactKey: Guid(f82deb9b2fb97e942a1ddb0ead6a5cb9) Importer(815301076,1909f56bfc062723c751e8b465ee728b)
Start importing Assets/Art/rpg-pack/tiles/generic-rpg-house-inn_30.asset using Guid(f82deb9b2fb97e942a1ddb0ead6a5cb9) Importer(815301076,1909f56bfc062723c751e8b465ee728b)  -> (artifact id: '203d424bf58af2d4a70a70d7256773c4') in 0.013950 seconds 
========================================================================
Received Import Request.
  Time since last request: 0.000031 seconds.
  path: Assets/Art/rpg-pack/tiles/generic-rpg-house-inn_24.asset
  artifactKey: Guid(92e0d66b2f764d34e9d5b11bc354492d) Importer(815301076,1909f56bfc062723c751e8b465ee728b)
Start importing Assets/Art/rpg-pack/tiles/generic-rpg-house-inn_24.asset using Guid(92e0d66b2f764d34e9d5b11bc354492d) Importer(815301076,1909f56bfc062723c751e8b465ee728b)  -> (artifact id: '77c3e1cf022ea5c399fffe63c312b141') in 0.014016 seconds 
========================================================================
Received Import Request.
  Time since last request: 0.000043 seconds.
  path: Assets/Art/rpg-pack/tiles/generic-rpg-house-inn_10.asset
  artifactKey: Guid(704c6ba0ba7be75408f0373f01f1439c) Importer(815301076,1909f56bfc062723c751e8b465ee728b)
Start importing Assets/Art/rpg-pack/tiles/generic-rpg-house-inn_10.asset using Guid(704c6ba0ba7be75408f0373f01f1439c) Importer(815301076,1909f56bfc062723c751e8b465ee728b)  -> (artifact id: 'f1e23eb02110fef5f2315c07f1f5983c') in 0.017175 seconds 
========================================================================
Received Import Request.
  Time since last request: 0.000046 seconds.
  path: Assets/Art/rpg-pack/tiles/generic-rpg-house-inn_18.asset
  artifactKey: Guid(8791daa3ccc5274458685921398836a0) Importer(815301076,1909f56bfc062723c751e8b465ee728b)
Start importing Assets/Art/rpg-pack/tiles/generic-rpg-house-inn_18.asset using Guid(8791daa3ccc5274458685921398836a0) Importer(815301076,1909f56bfc062723c751e8b465ee728b)  -> (artifact id: '16893fae97af07da4973f5f84692e1a2') in 0.012550 seconds 
Editor requested this worker to shutdown with reason: Scaling down because of idle timeout
AssetImportWorker is now disconnected from the server
Process exiting
Exiting without the bug reporter. Application will terminate with return code 0