Using pre-set license
Built from '2021.3/staging' branch; Version is '2021.3.7f1 (24e8595d6d43) revision 2418777'; Using compiler version '192829333'; Build Type 'Release'
OS: 'Windows 11  (10.0.22000) 64bit Professional' Language: 'ko' Physical Memory: 14020 MB
BatchMode: 1, IsHumanControllingUs: 0, StartBugReporterOnCrash: 0, Is64bit: 1, IsPro: 1

COMMAND LINE ARGUMENTS:
C:\Program Files\Unity\Hub\Editor\2021.3.7f1\Editor\Unity.exe
-adb2
-batchMode
-noUpm
-name
AssetImportWorker0
-projectPath
C:/Users/6800U/Desktop/Unity/TopDown2DGame/TopDown2DGame
-logFile
Logs/AssetImportWorker0.log
-srvPort
49756
Successfully changed project path to: C:/Users/6800U/Desktop/Unity/TopDown2DGame/TopDown2DGame
C:/Users/6800U/Desktop/Unity/TopDown2DGame/TopDown2DGame
[UnityMemory] Configuration Parameters - Can be set up in boot.config
    "memorysetup-bucket-allocator-granularity=16"
    "memorysetup-bucket-allocator-bucket-count=8"
    "memorysetup-bucket-allocator-block-size=33554432"
    "memorysetup-bucket-allocator-block-count=8"
    "memorysetup-main-allocator-block-size=16777216"
    "memorysetup-thread-allocator-block-size=16777216"
    "memorysetup-gfx-main-allocator-block-size=16777216"
    "memorysetup-gfx-thread-allocator-block-size=16777216"
    "memorysetup-cache-allocator-block-size=4194304"
    "memorysetup-typetree-allocator-block-size=2097152"
    "memorysetup-profiler-bucket-allocator-granularity=16"
    "memorysetup-profiler-bucket-allocator-bucket-count=8"
    "memorysetup-profiler-bucket-allocator-block-size=33554432"
    "memorysetup-profiler-bucket-allocator-block-count=8"
    "memorysetup-profiler-allocator-block-size=16777216"
    "memorysetup-profiler-editor-allocator-block-size=1048576"
    "memorysetup-temp-allocator-size-main=16777216"
    "memorysetup-job-temp-allocator-block-size=2097152"
    "memorysetup-job-temp-allocator-block-size-background=1048576"
    "memorysetup-job-temp-allocator-reduction-small-platforms=262144"
    "memorysetup-temp-allocator-size-background-worker=32768"
    "memorysetup-temp-allocator-size-job-worker=262144"
    "memorysetup-temp-allocator-size-preload-manager=33554432"
    "memorysetup-temp-allocator-size-nav-mesh-worker=65536"
    "memorysetup-temp-allocator-size-audio-worker=65536"
    "memorysetup-temp-allocator-size-cloud-worker=32768"
    "memorysetup-temp-allocator-size-gi-baking-worker=262144"
    "memorysetup-temp-allocator-size-gfx=262144"
Refreshing native plugins compatible for Editor in 78.48 ms, found 4 plugins.
Preloading 0 native plugins for Editor in 0.00 ms.
Initialize engine version: 2021.3.7f1 (24e8595d6d43)
[Subsystems] Discovering subsystems at path C:/Program Files/Unity/Hub/Editor/2021.3.7f1/Editor/Data/Resources/UnitySubsystems
[Subsystems] Discovering subsystems at path C:/Users/6800U/Desktop/Unity/TopDown2DGame/TopDown2DGame/Assets
GfxDevice: creating device client; threaded=0; jobified=0
Direct3D:
    Version:  Direct3D 11.0 [level 11.1]
    Renderer: AMD Radeon(TM) Graphics (ID=0x1681)
    Vendor:   ATI
    VRAM:     7010 MB
    Driver:   30.0.14044.3001
Initialize mono
Mono path[0] = 'C:/Program Files/Unity/Hub/Editor/2021.3.7f1/Editor/Data/Managed'
Mono path[1] = 'C:/Program Files/Unity/Hub/Editor/2021.3.7f1/Editor/Data/MonoBleedingEdge/lib/mono/unityjit-win32'
Mono config path = 'C:/Program Files/Unity/Hub/Editor/2021.3.7f1/Editor/Data/MonoBleedingEdge/etc'
Using monoOptions --debugger-agent=transport=dt_socket,embedding=1,server=y,suspend=n,address=127.0.0.1:56756
Begin MonoManager ReloadAssembly
Registering precompiled unity dll's ...
Register platform support module: C:/Program Files/Unity/Hub/Editor/2021.3.7f1/Editor/Data/PlaybackEngines/WebGLSupport/UnityEditor.WebGL.Extensions.dll
Register platform support module: C:/Program Files/Unity/Hub/Editor/2021.3.7f1/Editor/Data/PlaybackEngines/AndroidPlayer/UnityEditor.Android.Extensions.dll
Register platform support module: C:/Program Files/Unity/Hub/Editor/2021.3.7f1/Editor/Data/PlaybackEngines/WindowsStandaloneSupport/UnityEditor.WindowsStandalone.Extensions.dll
Registered in 0.003815 seconds.
Native extension for WindowsStandalone target not found
Native extension for Android target not found
Native extension for WebGL target not found
Refreshing native plugins compatible for Editor in 71.93 ms, found 4 plugins.
Preloading 0 native plugins for Editor in 0.00 ms.
Mono: successfully reloaded assembly
- Completed reload, in  0.541 seconds
Domain Reload Profiling:
	ReloadAssembly (542ms)
		BeginReloadAssembly (54ms)
			ExecutionOrderSort (0ms)
			DisableScriptedObjects (0ms)
			BackupInstance (0ms)
			ReleaseScriptingObjects (0ms)
			CreateAndSetChildDomain (1ms)
		EndReloadAssembly (401ms)
			LoadAssemblies (53ms)
			RebuildTransferFunctionScriptingTraits (0ms)
			SetupTypeCache (98ms)
			ReleaseScriptCaches (0ms)
			RebuildScriptCaches (24ms)
			SetupLoadedEditorAssemblies (235ms)
				LogAssemblyErrors (0ms)
				InitializePlatformSupportModulesInManaged (53ms)
				SetLoadedEditorAssemblies (0ms)
				RefreshPlugins (72ms)
				BeforeProcessingInitializeOnLoad (1ms)
				ProcessInitializeOnLoadAttributes (74ms)
				ProcessInitializeOnLoadMethodAttributes (34ms)
				AfterProcessingInitializeOnLoad (0ms)
				EditorAssembliesLoaded (0ms)
			ExecutionOrderSort2 (0ms)
			AwakeInstancesAfterBackupRestoration (0ms)
Platform modules already initialized, skipping
Registering precompiled user dll's ...
Registered in 0.004644 seconds.
Begin MonoManager ReloadAssembly
Symbol file LoadedFromMemory doesn't match image C:\Users\6800U\Desktop\Unity\TopDown2DGame\TopDown2DGame\Library\PackageCache\com.unity.visualscripting@1.7.8\Editor\VisualScripting.Core\Dependencies\YamlDotNet\Unity.VisualScripting.YamlDotNet.dll
Symbol file LoadedFromMemory doesn't match image C:\Users\6800U\Desktop\Unity\TopDown2DGame\TopDown2DGame\Library\PackageCache\com.unity.visualscripting@1.7.8\Editor\VisualScripting.Core\Dependencies\DotNetZip\Unity.VisualScripting.IonicZip.dll
Native extension for WindowsStandalone target not found
Native extension for Android target not found
Native extension for WebGL target not found
Refreshing native plugins compatible for Editor in 89.73 ms, found 4 plugins.
Preloading 0 native plugins for Editor in 0.00 ms.
Mono: successfully reloaded assembly
- Completed reload, in  1.197 seconds
Domain Reload Profiling:
	ReloadAssembly (1198ms)
		BeginReloadAssembly (209ms)
			ExecutionOrderSort (0ms)
			DisableScriptedObjects (4ms)
			BackupInstance (0ms)
			ReleaseScriptingObjects (0ms)
			CreateAndSetChildDomain (137ms)
		EndReloadAssembly (875ms)
			LoadAssemblies (71ms)
			RebuildTransferFunctionScriptingTraits (0ms)
			SetupTypeCache (277ms)
			ReleaseScriptCaches (1ms)
			RebuildScriptCaches (58ms)
			SetupLoadedEditorAssemblies (416ms)
				LogAssemblyErrors (0ms)
				InitializePlatformSupportModulesInManaged (12ms)
				SetLoadedEditorAssemblies (0ms)
				RefreshPlugins (90ms)
				BeforeProcessingInitializeOnLoad (87ms)
				ProcessInitializeOnLoadAttributes (186ms)
				ProcessInitializeOnLoadMethodAttributes (36ms)
				AfterProcessingInitializeOnLoad (4ms)
				EditorAssembliesLoaded (0ms)
			ExecutionOrderSort2 (0ms)
			AwakeInstancesAfterBackupRestoration (6ms)
Platform modules already initialized, skipping
========================================================================
Worker process is ready to serve import requests
Launched and connected shader compiler UnityShaderCompiler.exe after 0.04 seconds
Refreshing native plugins compatible for Editor in 0.91 ms, found 4 plugins.
Preloading 0 native plugins for Editor in 0.00 ms.
Unloading 4066 Unused Serialized files (Serialized files now loaded: 0)
Unloading 44 unused Assets / (222.5 KB). Loaded Objects now: 4518.
Memory consumption went from 151.3 MB to 151.1 MB.
Total: 3.918200 ms (FindLiveObjects: 0.421100 ms CreateObjectMapping: 0.185200 ms MarkObjects: 3.089000 ms  DeleteObjects: 0.221600 ms)

AssetImportParameters requested are different than current active one (requested -> active):
  custom:video-decoder-ogg-theora: a1e56fd34408186e4bbccfd4996cb3dc -> 
  custom:container-muxer-webm: aa71ff27fc2769a1b78a27578f13a17b -> 
  custom:container-demuxer-webm: 4f35f7cbe854078d1ac9338744f61a02 -> 
  custom:video-encoder-webm-vp8: eb34c28f22e8b96e1ab97ce403110664 -> 
  custom:audio-encoder-webm-vorbis: bf7c407c2cedff20999df2af8eb42d56 -> 
  custom:framework-win-MediaFoundation: 216162199b28c13a410421893ffa2e32 -> 
  custom:container-demuxer-ogg: 62fdf1f143b41e24485cea50d1cbac27 -> 
  custom:video-decoder-webm-vp8: 9c59270c3fd7afecdb556c50c9e8de78 -> 
  custom:audio-decoder-ogg-vorbis: bf7c407c2cedff20999df2af8eb42d56 -> 
========================================================================
Received Import Request.
  Time since last request: 147806.963802 seconds.
  path: Assets
  artifactKey: Guid(00000000000000001000000000000000) Importer(815301076,1909f56bfc062723c751e8b465ee728b)
Start importing Assets using Guid(00000000000000001000000000000000) Importer(815301076,1909f56bfc062723c751e8b465ee728b)  -> (artifact id: '79842766b460edbeab6a34051e857a80') in 0.019245 seconds 
========================================================================
Received Prepare
Registering precompiled user dll's ...
Registered in 0.004533 seconds.
Begin MonoManager ReloadAssembly
Symbol file LoadedFromMemory doesn't match image C:\Users\6800U\Desktop\Unity\TopDown2DGame\TopDown2DGame\Library\PackageCache\com.unity.visualscripting@1.7.8\Editor\VisualScripting.Core\Dependencies\YamlDotNet\Unity.VisualScripting.YamlDotNet.dll
Symbol file LoadedFromMemory doesn't match image C:\Users\6800U\Desktop\Unity\TopDown2DGame\TopDown2DGame\Library\PackageCache\com.unity.visualscripting@1.7.8\Editor\VisualScripting.Core\Dependencies\DotNetZip\Unity.VisualScripting.IonicZip.dll
Native extension for WindowsStandalone target not found
Native extension for Android target not found
Native extension for WebGL target not found
Refreshing native plugins compatible for Editor in 0.93 ms, found 4 plugins.
Preloading 0 native plugins for Editor in 0.00 ms.
Mono: successfully reloaded assembly
- Completed reload, in  0.808 seconds
Domain Reload Profiling:
	ReloadAssembly (808ms)
		BeginReloadAssembly (109ms)
			ExecutionOrderSort (0ms)
			DisableScriptedObjects (6ms)
			BackupInstance (0ms)
			ReleaseScriptingObjects (0ms)
			CreateAndSetChildDomain (38ms)
		EndReloadAssembly (623ms)
			LoadAssemblies (64ms)
			RebuildTransferFunctionScriptingTraits (0ms)
			SetupTypeCache (200ms)
			ReleaseScriptCaches (2ms)
			RebuildScriptCaches (38ms)
			SetupLoadedEditorAssemblies (271ms)
				LogAssemblyErrors (0ms)
				InitializePlatformSupportModulesInManaged (26ms)
				SetLoadedEditorAssemblies (0ms)
				RefreshPlugins (1ms)
				BeforeProcessingInitializeOnLoad (58ms)
				ProcessInitializeOnLoadAttributes (148ms)
				ProcessInitializeOnLoadMethodAttributes (33ms)
				AfterProcessingInitializeOnLoad (4ms)
				EditorAssembliesLoaded (0ms)
			ExecutionOrderSort2 (0ms)
			AwakeInstancesAfterBackupRestoration (7ms)
Platform modules already initialized, skipping
Refreshing native plugins compatible for Editor in 2.02 ms, found 4 plugins.
Preloading 0 native plugins for Editor in 0.00 ms.
Unloading 4061 Unused Serialized files (Serialized files now loaded: 0)
Unloading 31 unused Assets / (189.7 KB). Loaded Objects now: 4521.
Memory consumption went from 151.3 MB to 151.1 MB.
Total: 3.610800 ms (FindLiveObjects: 0.574500 ms CreateObjectMapping: 0.191200 ms MarkObjects: 2.673600 ms  DeleteObjects: 0.170200 ms)

AssetImportParameters requested are different than current active one (requested -> active):
  custom:video-decoder-ogg-theora: a1e56fd34408186e4bbccfd4996cb3dc -> 
  custom:container-muxer-webm: aa71ff27fc2769a1b78a27578f13a17b -> 
  custom:container-demuxer-webm: 4f35f7cbe854078d1ac9338744f61a02 -> 
  custom:video-encoder-webm-vp8: eb34c28f22e8b96e1ab97ce403110664 -> 
  custom:audio-encoder-webm-vorbis: bf7c407c2cedff20999df2af8eb42d56 -> 
  custom:framework-win-MediaFoundation: 216162199b28c13a410421893ffa2e32 -> 
  custom:container-demuxer-ogg: 62fdf1f143b41e24485cea50d1cbac27 -> 
  custom:video-decoder-webm-vp8: 9c59270c3fd7afecdb556c50c9e8de78 -> 
  custom:audio-decoder-ogg-vorbis: bf7c407c2cedff20999df2af8eb42d56 -> 
========================================================================
Received Prepare
Registering precompiled user dll's ...
Registered in 0.005535 seconds.
Begin MonoManager ReloadAssembly
Symbol file LoadedFromMemory doesn't match image C:\Users\6800U\Desktop\Unity\TopDown2DGame\TopDown2DGame\Library\PackageCache\com.unity.visualscripting@1.7.8\Editor\VisualScripting.Core\Dependencies\YamlDotNet\Unity.VisualScripting.YamlDotNet.dll
Symbol file LoadedFromMemory doesn't match image C:\Users\6800U\Desktop\Unity\TopDown2DGame\TopDown2DGame\Library\PackageCache\com.unity.visualscripting@1.7.8\Editor\VisualScripting.Core\Dependencies\DotNetZip\Unity.VisualScripting.IonicZip.dll
Native extension for WindowsStandalone target not found
Native extension for Android target not found
Native extension for WebGL target not found
Refreshing native plugins compatible for Editor in 0.91 ms, found 4 plugins.
Preloading 0 native plugins for Editor in 0.00 ms.
Mono: successfully reloaded assembly
- Completed reload, in  0.776 seconds
Domain Reload Profiling:
	ReloadAssembly (777ms)
		BeginReloadAssembly (111ms)
			ExecutionOrderSort (0ms)
			DisableScriptedObjects (6ms)
			BackupInstance (0ms)
			ReleaseScriptingObjects (0ms)
			CreateAndSetChildDomain (40ms)
		EndReloadAssembly (591ms)
			LoadAssemblies (66ms)
			RebuildTransferFunctionScriptingTraits (0ms)
			SetupTypeCache (174ms)
			ReleaseScriptCaches (2ms)
			RebuildScriptCaches (34ms)
			SetupLoadedEditorAssemblies (275ms)
				LogAssemblyErrors (0ms)
				InitializePlatformSupportModulesInManaged (20ms)
				SetLoadedEditorAssemblies (0ms)
				RefreshPlugins (1ms)
				BeforeProcessingInitializeOnLoad (58ms)
				ProcessInitializeOnLoadAttributes (158ms)
				ProcessInitializeOnLoadMethodAttributes (33ms)
				AfterProcessingInitializeOnLoad (4ms)
				EditorAssembliesLoaded (0ms)
			ExecutionOrderSort2 (0ms)
			AwakeInstancesAfterBackupRestoration (7ms)
Platform modules already initialized, skipping
Refreshing native plugins compatible for Editor in 2.11 ms, found 4 plugins.
Preloading 0 native plugins for Editor in 0.00 ms.
Unloading 4061 Unused Serialized files (Serialized files now loaded: 0)
Unloading 31 unused Assets / (189.8 KB). Loaded Objects now: 4524.
Memory consumption went from 151.3 MB to 151.1 MB.
Total: 3.162300 ms (FindLiveObjects: 0.293600 ms CreateObjectMapping: 0.083800 ms MarkObjects: 2.633400 ms  DeleteObjects: 0.150900 ms)

AssetImportParameters requested are different than current active one (requested -> active):
  custom:video-decoder-ogg-theora: a1e56fd34408186e4bbccfd4996cb3dc -> 
  custom:container-muxer-webm: aa71ff27fc2769a1b78a27578f13a17b -> 
  custom:container-demuxer-webm: 4f35f7cbe854078d1ac9338744f61a02 -> 
  custom:video-encoder-webm-vp8: eb34c28f22e8b96e1ab97ce403110664 -> 
  custom:audio-encoder-webm-vorbis: bf7c407c2cedff20999df2af8eb42d56 -> 
  custom:framework-win-MediaFoundation: 216162199b28c13a410421893ffa2e32 -> 
  custom:container-demuxer-ogg: 62fdf1f143b41e24485cea50d1cbac27 -> 
  custom:video-decoder-webm-vp8: 9c59270c3fd7afecdb556c50c9e8de78 -> 
  custom:audio-decoder-ogg-vorbis: bf7c407c2cedff20999df2af8eb42d56 -> 
========================================================================
Received Import Request.
  Time since last request: 1030.027004 seconds.
  path: Assets/Art
  artifactKey: Guid(e5ef82c0e603c394ca37ba631d117949) Importer(815301076,1909f56bfc062723c751e8b465ee728b)
Start importing Assets/Art using Guid(e5ef82c0e603c394ca37ba631d117949) Importer(815301076,1909f56bfc062723c751e8b465ee728b)  -> (artifact id: '48b37df9a6642157468f880a1d10b57c') in 0.017675 seconds 
========================================================================
Received Import Request.
  Time since last request: 83.361400 seconds.
  path: Assets/Art/sprites
  artifactKey: Guid(1321dc77e7198dd4096e8dcc85ecceff) Importer(815301076,1909f56bfc062723c751e8b465ee728b)
Start importing Assets/Art/sprites using Guid(1321dc77e7198dd4096e8dcc85ecceff) Importer(815301076,1909f56bfc062723c751e8b465ee728b)  -> (artifact id: 'b53457433a02cd895dd6d77c29708800') in 0.008331 seconds 
========================================================================
Received Import Request.
  Time since last request: 13.110737 seconds.
  path: Assets/Art/mystic_woods
  artifactKey: Guid(1321dc77e7198dd4096e8dcc85ecceff) Importer(815301076,1909f56bfc062723c751e8b465ee728b)
Start importing Assets/Art/mystic_woods using Guid(1321dc77e7198dd4096e8dcc85ecceff) Importer(815301076,1909f56bfc062723c751e8b465ee728b)  -> (artifact id: 'c8a915eebd7f3a96306cb93e37d869fb') in 0.008356 seconds 
========================================================================
Received Import Request.
  Time since last request: 8.502167 seconds.
  path: Assets/Art/mystic_woods/characters
  artifactKey: Guid(86f46b18e19fbd74dbe49b413bdb210b) Importer(815301076,1909f56bfc062723c751e8b465ee728b)
Start importing Assets/Art/mystic_woods/characters using Guid(86f46b18e19fbd74dbe49b413bdb210b) Importer(815301076,1909f56bfc062723c751e8b465ee728b)  -> (artifact id: '37ffabdf6c225092adf6d1f3c861f485') in 0.008483 seconds 
========================================================================
Received Import Request.
  Time since last request: 0.025472 seconds.
  path: Assets/Art/mystic_woods/characters/player.png
  artifactKey: Guid(8e252eb4912696e458397e8133936c23) Importer(815301076,1909f56bfc062723c751e8b465ee728b)
Start importing Assets/Art/mystic_woods/characters/player.png using Guid(8e252eb4912696e458397e8133936c23) Importer(815301076,1909f56bfc062723c751e8b465ee728b)  -> (artifact id: 'af8492721c33d1d9300cab2c5b89b746') in 0.128527 seconds 
========================================================================
Received Import Request.
  Time since last request: 39.899291 seconds.
  path: Assets/Art/mystic_woods/characters/player.png
  artifactKey: Guid(8e252eb4912696e458397e8133936c23) Importer(815301076,1909f56bfc062723c751e8b465ee728b)
Start importing Assets/Art/mystic_woods/characters/player.png using Guid(8e252eb4912696e458397e8133936c23) Importer(815301076,1909f56bfc062723c751e8b465ee728b)  -> (artifact id: 'fa99208d407a4902cc915da8523a95c9') in 0.024550 seconds 
========================================================================
Received Import Request.
  Time since last request: 20.920548 seconds.
  path: Assets/Art/mystic_woods/characters/player.png
  artifactKey: Guid(8e252eb4912696e458397e8133936c23) Importer(815301076,1909f56bfc062723c751e8b465ee728b)
Start importing Assets/Art/mystic_woods/characters/player.png using Guid(8e252eb4912696e458397e8133936c23) Importer(815301076,1909f56bfc062723c751e8b465ee728b)  -> (artifact id: '01b795ea98d6908ee8e57eeb290e5cbf') in 0.017564 seconds 
========================================================================
Received Import Request.
  Time since last request: 50.834745 seconds.
  path: Assets/Art/mystic_woods/characters/player.png
  artifactKey: Guid(8e252eb4912696e458397e8133936c23) Importer(815301076,1909f56bfc062723c751e8b465ee728b)
Start importing Assets/Art/mystic_woods/characters/player.png using Guid(8e252eb4912696e458397e8133936c23) Importer(815301076,1909f56bfc062723c751e8b465ee728b)  -> (artifact id: '355d962db400f5fdfb1a647b597a3afc') in 0.066819 seconds 
========================================================================
Received Import Request.
  Time since last request: 32.053476 seconds.
  path: Assets/Art/mystic_woods/characters/slime.png
  artifactKey: Guid(591b8302f3c0f1746b5d21bc177792a8) Importer(815301076,1909f56bfc062723c751e8b465ee728b)
Start importing Assets/Art/mystic_woods/characters/slime.png using Guid(591b8302f3c0f1746b5d21bc177792a8) Importer(815301076,1909f56bfc062723c751e8b465ee728b)  -> (artifact id: '636bd804be1082901797bef9682d3362') in 0.014884 seconds 
========================================================================
Received Import Request.
  Time since last request: 22.905187 seconds.
  path: Assets/Art/mystic_woods/characters/slime.png
  artifactKey: Guid(591b8302f3c0f1746b5d21bc177792a8) Importer(815301076,1909f56bfc062723c751e8b465ee728b)
Start importing Assets/Art/mystic_woods/characters/slime.png using Guid(591b8302f3c0f1746b5d21bc177792a8) Importer(815301076,1909f56bfc062723c751e8b465ee728b)  -> (artifact id: '77a9008c6dbd49e7a878d6276ef39318') in 0.076082 seconds 
========================================================================
Received Import Request.
  Time since last request: 378.230868 seconds.
  path: Assets/Characters
  artifactKey: Guid(46e2aaea75141584bab6b44777ca8d23) Importer(815301076,1909f56bfc062723c751e8b465ee728b)
Start importing Assets/Characters using Guid(46e2aaea75141584bab6b44777ca8d23) Importer(815301076,1909f56bfc062723c751e8b465ee728b)  -> (artifact id: '17b42f170950c480c45e54137d195c3a') in 0.010052 seconds 
========================================================================
Received Import Request.
  Time since last request: 28.705586 seconds.
  path: Assets/Characters/Player
  artifactKey: Guid(f7ea5861f34687f40958ff2ad72a5362) Importer(815301076,1909f56bfc062723c751e8b465ee728b)
Start importing Assets/Characters/Player using Guid(f7ea5861f34687f40958ff2ad72a5362) Importer(815301076,1909f56bfc062723c751e8b465ee728b)  -> (artifact id: 'b31ed6c237942c13d2756fad3ca92af8') in 0.009364 seconds 
========================================================================
Received Import Request.
  Time since last request: 22.339313 seconds.
  path: Assets/Characters/Player/Player.prefab
  artifactKey: Guid(5c3b1b2f8362a1a47b2986abe10c2bfb) Importer(815301076,1909f56bfc062723c751e8b465ee728b)
Start importing Assets/Characters/Player/Player.prefab using Guid(5c3b1b2f8362a1a47b2986abe10c2bfb) Importer(815301076,1909f56bfc062723c751e8b465ee728b)  -> (artifact id: '3ac01674fd4bd66ab7b870355f24b23b') in 0.085051 seconds 
========================================================================
Received Import Request.
  Time since last request: 365.675352 seconds.
  path: Assets/Art/mystic_woods/tilesets/decor_8x8.png
  artifactKey: Guid(122f1d205fc268c42a7a938363e502ca) Importer(815301076,1909f56bfc062723c751e8b465ee728b)
Start importing Assets/Art/mystic_woods/tilesets/decor_8x8.png using Guid(122f1d205fc268c42a7a938363e502ca) Importer(815301076,1909f56bfc062723c751e8b465ee728b)  -> (artifact id: '2a8da5effc48e26c5dca347ee64cf3e5') in 0.021232 seconds 
========================================================================
Received Import Request.
  Time since last request: 0.000029 seconds.
  path: Assets/Art/mystic_woods/tilesets/water_decorations.png
  artifactKey: Guid(c57b88b21f9f4094bae4fd90bb366c23) Importer(815301076,1909f56bfc062723c751e8b465ee728b)
Start importing Assets/Art/mystic_woods/tilesets/water_decorations.png using Guid(c57b88b21f9f4094bae4fd90bb366c23) Importer(815301076,1909f56bfc062723c751e8b465ee728b)  -> (artifact id: 'ede0f2bc87fd6ebf9bfed72f16927099') in 0.019290 seconds 
========================================================================
Received Import Request.
  Time since last request: 0.000022 seconds.
  path: Assets/Art/mystic_woods/tilesets/fences.png
  artifactKey: Guid(868b24e393cdc0e4687e43e8f179207a) Importer(815301076,1909f56bfc062723c751e8b465ee728b)
Start importing Assets/Art/mystic_woods/tilesets/fences.png using Guid(868b24e393cdc0e4687e43e8f179207a) Importer(815301076,1909f56bfc062723c751e8b465ee728b)  -> (artifact id: '4ca08dfcdb5b4d0d1c1d03da65b57cbe') in 0.018139 seconds 
========================================================================
Received Import Request.
  Time since last request: 193.712870 seconds.
  path: Assets/Art/mystic_woods/objects/objects.png
  artifactKey: Guid(73c7fc6831386f44da9223a1b41922d7) Importer(815301076,1909f56bfc062723c751e8b465ee728b)
Start importing Assets/Art/mystic_woods/objects/objects.png using Guid(73c7fc6831386f44da9223a1b41922d7) Importer(815301076,1909f56bfc062723c751e8b465ee728b)  -> (artifact id: '2bf3e5a3225037b8ddab1da5f4a30db7') in 0.028538 seconds 
========================================================================
Received Import Request.
  Time since last request: 124.816383 seconds.
  path: Assets/Art/mystic_woods/tilesets/Tiles/plains_1.asset
  artifactKey: Guid(6e0015fb5b3faa648bf2c83e01c3571c) Importer(815301076,1909f56bfc062723c751e8b465ee728b)
Start importing Assets/Art/mystic_woods/tilesets/Tiles/plains_1.asset using Guid(6e0015fb5b3faa648bf2c83e01c3571c) Importer(815301076,1909f56bfc062723c751e8b465ee728b)  -> (artifact id: 'b46328ab17872dbd952fd3b075b63555') in 0.018557 seconds 
========================================================================
Received Import Request.
  Time since last request: 0.000039 seconds.
  path: Assets/Art/mystic_woods/tilesets/Tiles/plains_10.asset
  artifactKey: Guid(4ae1bb5e2de43ca4b9e7df0cc364a90b) Importer(815301076,1909f56bfc062723c751e8b465ee728b)
Start importing Assets/Art/mystic_woods/tilesets/Tiles/plains_10.asset using Guid(4ae1bb5e2de43ca4b9e7df0cc364a90b) Importer(815301076,1909f56bfc062723c751e8b465ee728b)  -> (artifact id: 'd8eb327b96e98bf4910eaa4a271a5c43') in 0.012292 seconds 
========================================================================
Received Import Request.
  Time since last request: 0.000029 seconds.
  path: Assets/Art/mystic_woods/tilesets/Tiles/plains_20.asset
  artifactKey: Guid(9c80f8a055a783745b829e4633b34c47) Importer(815301076,1909f56bfc062723c751e8b465ee728b)
Start importing Assets/Art/mystic_woods/tilesets/Tiles/plains_20.asset using Guid(9c80f8a055a783745b829e4633b34c47) Importer(815301076,1909f56bfc062723c751e8b465ee728b)  -> (artifact id: '10f75a9e29d214c461d6381472707e00') in 0.012585 seconds 
========================================================================
Received Import Request.
  Time since last request: 0.000029 seconds.
  path: Assets/Art/mystic_woods/tilesets/Tiles/plains_7.asset
  artifactKey: Guid(b2556a45baade954c88fe78b9c566a59) Importer(815301076,1909f56bfc062723c751e8b465ee728b)
Start importing Assets/Art/mystic_woods/tilesets/Tiles/plains_7.asset using Guid(b2556a45baade954c88fe78b9c566a59) Importer(815301076,1909f56bfc062723c751e8b465ee728b)  -> (artifact id: '471db92e88783eb877c8c40e14de2df1') in 0.013089 seconds 
========================================================================
Received Import Request.
  Time since last request: 0.000028 seconds.
  path: Assets/Art/mystic_woods/tilesets/Tiles/plains_33.asset
  artifactKey: Guid(f5fb7bc140180b0498070253325aa8d6) Importer(815301076,1909f56bfc062723c751e8b465ee728b)
Start importing Assets/Art/mystic_woods/tilesets/Tiles/plains_33.asset using Guid(f5fb7bc140180b0498070253325aa8d6) Importer(815301076,1909f56bfc062723c751e8b465ee728b)  -> (artifact id: 'b95e70f7cf60c9ad4f90745f9d7cc4f5') in 0.012914 seconds 
========================================================================
Received Import Request.
  Time since last request: 0.000049 seconds.
  path: Assets/Art/mystic_woods/tilesets/Tiles/plains_30.asset
  artifactKey: Guid(6da3e29d6d914c24cbd906f8348bef96) Importer(815301076,1909f56bfc062723c751e8b465ee728b)
Start importing Assets/Art/mystic_woods/tilesets/Tiles/plains_30.asset using Guid(6da3e29d6d914c24cbd906f8348bef96) Importer(815301076,1909f56bfc062723c751e8b465ee728b)  -> (artifact id: '385c25a348f3ad5d7e404646b06d365d') in 0.015431 seconds 
========================================================================
Received Import Request.
  Time since last request: 0.000049 seconds.
  path: Assets/Art/mystic_woods/tilesets/Tiles/plains_17.asset
  artifactKey: Guid(c425d3a1281596040aa8dee118386b03) Importer(815301076,1909f56bfc062723c751e8b465ee728b)
Start importing Assets/Art/mystic_woods/tilesets/Tiles/plains_17.asset using Guid(c425d3a1281596040aa8dee118386b03) Importer(815301076,1909f56bfc062723c751e8b465ee728b)  -> (artifact id: '8aa0fce5344bdca9ec8b70f332a92a0f') in 0.013574 seconds 
========================================================================
Received Import Request.
  Time since last request: 0.000034 seconds.
  path: Assets/Art/mystic_woods/tilesets/Tiles/plains_3.asset
  artifactKey: Guid(09b5377b0c617714ca114c9edabc43fb) Importer(815301076,1909f56bfc062723c751e8b465ee728b)
Start importing Assets/Art/mystic_woods/tilesets/Tiles/plains_3.asset using Guid(09b5377b0c617714ca114c9edabc43fb) Importer(815301076,1909f56bfc062723c751e8b465ee728b)  -> (artifact id: 'd5cc298ae4dacbbf2373293b28946041') in 0.016801 seconds 
========================================================================
Received Import Request.
  Time since last request: 0.000062 seconds.
  path: Assets/Art/mystic_woods/tilesets/Tiles/plains_37.asset
  artifactKey: Guid(bd7ce9f6743b1d04cb545788dc226da1) Importer(815301076,1909f56bfc062723c751e8b465ee728b)
Start importing Assets/Art/mystic_woods/tilesets/Tiles/plains_37.asset using Guid(bd7ce9f6743b1d04cb545788dc226da1) Importer(815301076,1909f56bfc062723c751e8b465ee728b)  -> (artifact id: 'c7b66190a55acac827dae7a595a0d7b9') in 0.011403 seconds 
========================================================================
Received Import Request.
  Time since last request: 0.000028 seconds.
  path: Assets/Art/mystic_woods/tilesets/Tiles/plains_12.asset
  artifactKey: Guid(df2e05aeee8d74448bf7d7274832b814) Importer(815301076,1909f56bfc062723c751e8b465ee728b)
Start importing Assets/Art/mystic_woods/tilesets/Tiles/plains_12.asset using Guid(df2e05aeee8d74448bf7d7274832b814) Importer(815301076,1909f56bfc062723c751e8b465ee728b)  -> (artifact id: 'd190fb084083fc4f78bc1ad8a15d927f') in 0.012141 seconds 
========================================================================
Received Import Request.
  Time since last request: 0.000034 seconds.
  path: Assets/Art/mystic_woods/tilesets/Tiles/plains_23.asset
  artifactKey: Guid(47ab7ec76b55a414ea167d80e5e5dec1) Importer(815301076,1909f56bfc062723c751e8b465ee728b)
Start importing Assets/Art/mystic_woods/tilesets/Tiles/plains_23.asset using Guid(47ab7ec76b55a414ea167d80e5e5dec1) Importer(815301076,1909f56bfc062723c751e8b465ee728b)  -> (artifact id: 'c45acc1a780117ee195b99817399fd33') in 0.015839 seconds 
========================================================================
Received Import Request.
  Time since last request: 0.000044 seconds.
  path: Assets/Art/mystic_woods/tilesets/Tiles/plains_11.asset
  artifactKey: Guid(7d67e750ea2200f4fb9b5ae7bc7440ab) Importer(815301076,1909f56bfc062723c751e8b465ee728b)
Start importing Assets/Art/mystic_woods/tilesets/Tiles/plains_11.asset using Guid(7d67e750ea2200f4fb9b5ae7bc7440ab) Importer(815301076,1909f56bfc062723c751e8b465ee728b)  -> (artifact id: 'dc28053e91954acfc3cb0abe4ac4a190') in 0.013664 seconds 
========================================================================
Received Import Request.
  Time since last request: 0.000036 seconds.
  path: Assets/Art/mystic_woods/tilesets/Tiles/plains_15.asset
  artifactKey: Guid(bcdf44fcf3695b34eaca557b564027e5) Importer(815301076,1909f56bfc062723c751e8b465ee728b)
Start importing Assets/Art/mystic_woods/tilesets/Tiles/plains_15.asset using Guid(bcdf44fcf3695b34eaca557b564027e5) Importer(815301076,1909f56bfc062723c751e8b465ee728b)  -> (artifact id: 'f084a858c9ca2e6593004f41dc42848e') in 0.013123 seconds 
========================================================================
Received Import Request.
  Time since last request: 0.000035 seconds.
  path: Assets/Art/mystic_woods/tilesets/Tiles/plains_4.asset
  artifactKey: Guid(ba82fb7bf0681914894c37ff708decbe) Importer(815301076,1909f56bfc062723c751e8b465ee728b)
Start importing Assets/Art/mystic_woods/tilesets/Tiles/plains_4.asset using Guid(ba82fb7bf0681914894c37ff708decbe) Importer(815301076,1909f56bfc062723c751e8b465ee728b)  -> (artifact id: 'f2b8465899906cec750672b814ab04da') in 0.011181 seconds 
========================================================================
Received Import Request.
  Time since last request: 0.000030 seconds.
  path: Assets/Art/mystic_woods/tilesets/Tiles/plains_16.asset
  artifactKey: Guid(9f24fc5caa3b0d54788106d8cc2f6a96) Importer(815301076,1909f56bfc062723c751e8b465ee728b)
Start importing Assets/Art/mystic_woods/tilesets/Tiles/plains_16.asset using Guid(9f24fc5caa3b0d54788106d8cc2f6a96) Importer(815301076,1909f56bfc062723c751e8b465ee728b)  -> (artifact id: '347945fb93e48ea61397b0fcaf8d1146') in 0.013120 seconds 
========================================================================
Received Import Request.
  Time since last request: 0.000028 seconds.
  path: Assets/Art/mystic_woods/tilesets/Tiles/plains_27.asset
  artifactKey: Guid(3060e1a2da3933e4e98915316e1df045) Importer(815301076,1909f56bfc062723c751e8b465ee728b)
Start importing Assets/Art/mystic_woods/tilesets/Tiles/plains_27.asset using Guid(3060e1a2da3933e4e98915316e1df045) Importer(815301076,1909f56bfc062723c751e8b465ee728b)  -> (artifact id: '3db64291b7ae81d71ed5e793e7d3fa2b') in 0.013639 seconds 
========================================================================
Received Import Request.
  Time since last request: 0.000036 seconds.
  path: Assets/Art/mystic_woods/tilesets/Tiles/plains_25.asset
  artifactKey: Guid(b2817b8351de4834e988f8baf43a88dd) Importer(815301076,1909f56bfc062723c751e8b465ee728b)
Start importing Assets/Art/mystic_woods/tilesets/Tiles/plains_25.asset using Guid(b2817b8351de4834e988f8baf43a88dd) Importer(815301076,1909f56bfc062723c751e8b465ee728b)  -> (artifact id: '9fbb88503434c5c600642a05812bb434') in 0.013399 seconds 
========================================================================
Received Import Request.
  Time since last request: 0.000055 seconds.
  path: Assets/Art/mystic_woods/tilesets/Tiles/plains_29.asset
  artifactKey: Guid(5985fc62fdba74540a0da8f08d969d90) Importer(815301076,1909f56bfc062723c751e8b465ee728b)
Start importing Assets/Art/mystic_woods/tilesets/Tiles/plains_29.asset using Guid(5985fc62fdba74540a0da8f08d969d90) Importer(815301076,1909f56bfc062723c751e8b465ee728b)  -> (artifact id: '08171a96fd4d7e7dc099ffa3f7cf6a2a') in 0.015048 seconds 
========================================================================
Received Import Request.
  Time since last request: 0.000034 seconds.
  path: Assets/Art/mystic_woods/tilesets/Tiles/plains_32.asset
  artifactKey: Guid(96bc92dc6b87d664baffde298374c80d) Importer(815301076,1909f56bfc062723c751e8b465ee728b)
Start importing Assets/Art/mystic_woods/tilesets/Tiles/plains_32.asset using Guid(96bc92dc6b87d664baffde298374c80d) Importer(815301076,1909f56bfc062723c751e8b465ee728b)  -> (artifact id: 'd24d2e6ad61958c38e68e775abd8fee2') in 0.014968 seconds 
========================================================================
Received Import Request.
  Time since last request: 0.000037 seconds.
  path: Assets/Art/mystic_woods/tilesets/Tiles/plains_36.asset
  artifactKey: Guid(a038a9a20c6c98c4c963009566353fe0) Importer(815301076,1909f56bfc062723c751e8b465ee728b)
Start importing Assets/Art/mystic_woods/tilesets/Tiles/plains_36.asset using Guid(a038a9a20c6c98c4c963009566353fe0) Importer(815301076,1909f56bfc062723c751e8b465ee728b)  -> (artifact id: '5dbed5b4250a847eb11ab8d4ca7cf30b') in 0.013368 seconds 
========================================================================
Received Import Request.
  Time since last request: 0.000034 seconds.
  path: Assets/Art/mystic_woods/tilesets/Tiles/plains_40.asset
  artifactKey: Guid(327be0588a0926d4f901061c0452cdee) Importer(815301076,1909f56bfc062723c751e8b465ee728b)
Start importing Assets/Art/mystic_woods/tilesets/Tiles/plains_40.asset using Guid(327be0588a0926d4f901061c0452cdee) Importer(815301076,1909f56bfc062723c751e8b465ee728b)  -> (artifact id: '9e5610b332025900d36bf3433f6ce01d') in 0.014858 seconds 
========================================================================
Received Import Request.
  Time since last request: 0.000043 seconds.
  path: Assets/Art/mystic_woods/tilesets/Tiles/plains_38.asset
  artifactKey: Guid(9443a5a44ba5cf941b1b2b2c5762acd4) Importer(815301076,1909f56bfc062723c751e8b465ee728b)
Start importing Assets/Art/mystic_woods/tilesets/Tiles/plains_38.asset using Guid(9443a5a44ba5cf941b1b2b2c5762acd4) Importer(815301076,1909f56bfc062723c751e8b465ee728b)  -> (artifact id: '89d646fdb10342406d582ca05f57ac45') in 0.034736 seconds 
Editor requested this worker to shutdown with reason: Scaling down because of idle timeout
AssetImportWorker is now disconnected from the server
Process exiting
Exiting without the bug reporter. Application will terminate with return code 0