Using pre-set license
Built from '2021.3/staging' branch; Version is '2021.3.7f1 (24e8595d6d43) revision 2418777'; Using compiler version '192829333'; Build Type 'Release'
OS: 'Windows 11  (10.0.22000) 64bit Professional' Language: 'ko' Physical Memory: 14020 MB
BatchMode: 1, IsHumanControllingUs: 0, StartBugReporterOnCrash: 0, Is64bit: 1, IsPro: 1

COMMAND LINE ARGUMENTS:
C:\Program Files\Unity\Hub\Editor\2021.3.7f1\Editor\Unity.exe
-adb2
-batchMode
-noUpm
-name
AssetImportWorker4
-projectPath
C:/Users/6800U/Desktop/Unity/TopDown2DGame/TopDown2DGame
-logFile
Logs/AssetImportWorker4.log
-srvPort
49756
Successfully changed project path to: C:/Users/6800U/Desktop/Unity/TopDown2DGame/TopDown2DGame
C:/Users/6800U/Desktop/Unity/TopDown2DGame/TopDown2DGame
[UnityMemory] Configuration Parameters - Can be set up in boot.config
    "memorysetup-bucket-allocator-granularity=16"
    "memorysetup-bucket-allocator-bucket-count=8"
    "memorysetup-bucket-allocator-block-size=33554432"
    "memorysetup-bucket-allocator-block-count=8"
    "memorysetup-main-allocator-block-size=16777216"
    "memorysetup-thread-allocator-block-size=16777216"
    "memorysetup-gfx-main-allocator-block-size=16777216"
    "memorysetup-gfx-thread-allocator-block-size=16777216"
    "memorysetup-cache-allocator-block-size=4194304"
    "memorysetup-typetree-allocator-block-size=2097152"
    "memorysetup-profiler-bucket-allocator-granularity=16"
    "memorysetup-profiler-bucket-allocator-bucket-count=8"
    "memorysetup-profiler-bucket-allocator-block-size=33554432"
    "memorysetup-profiler-bucket-allocator-block-count=8"
    "memorysetup-profiler-allocator-block-size=16777216"
    "memorysetup-profiler-editor-allocator-block-size=1048576"
    "memorysetup-temp-allocator-size-main=16777216"
    "memorysetup-job-temp-allocator-block-size=2097152"
    "memorysetup-job-temp-allocator-block-size-background=1048576"
    "memorysetup-job-temp-allocator-reduction-small-platforms=262144"
    "memorysetup-temp-allocator-size-background-worker=32768"
    "memorysetup-temp-allocator-size-job-worker=262144"
    "memorysetup-temp-allocator-size-preload-manager=33554432"
    "memorysetup-temp-allocator-size-nav-mesh-worker=65536"
    "memorysetup-temp-allocator-size-audio-worker=65536"
    "memorysetup-temp-allocator-size-cloud-worker=32768"
    "memorysetup-temp-allocator-size-gi-baking-worker=262144"
    "memorysetup-temp-allocator-size-gfx=262144"
Refreshing native plugins compatible for Editor in 93.10 ms, found 4 plugins.
Preloading 0 native plugins for Editor in 0.00 ms.
Initialize engine version: 2021.3.7f1 (24e8595d6d43)
[Subsystems] Discovering subsystems at path C:/Program Files/Unity/Hub/Editor/2021.3.7f1/Editor/Data/Resources/UnitySubsystems
[Subsystems] Discovering subsystems at path C:/Users/6800U/Desktop/Unity/TopDown2DGame/TopDown2DGame/Assets
GfxDevice: creating device client; threaded=0; jobified=0
Direct3D:
    Version:  Direct3D 11.0 [level 11.1]
    Renderer: AMD Radeon(TM) Graphics (ID=0x1681)
    Vendor:   ATI
    VRAM:     7010 MB
    Driver:   30.0.14044.3001
Initialize mono
Mono path[0] = 'C:/Program Files/Unity/Hub/Editor/2021.3.7f1/Editor/Data/Managed'
Mono path[1] = 'C:/Program Files/Unity/Hub/Editor/2021.3.7f1/Editor/Data/MonoBleedingEdge/lib/mono/unityjit-win32'
Mono config path = 'C:/Program Files/Unity/Hub/Editor/2021.3.7f1/Editor/Data/MonoBleedingEdge/etc'
Using monoOptions --debugger-agent=transport=dt_socket,embedding=1,server=y,suspend=n,address=127.0.0.1:56108
Begin MonoManager ReloadAssembly
Registering precompiled unity dll's ...
Register platform support module: C:/Program Files/Unity/Hub/Editor/2021.3.7f1/Editor/Data/PlaybackEngines/WebGLSupport/UnityEditor.WebGL.Extensions.dll
Register platform support module: C:/Program Files/Unity/Hub/Editor/2021.3.7f1/Editor/Data/PlaybackEngines/AndroidPlayer/UnityEditor.Android.Extensions.dll
Register platform support module: C:/Program Files/Unity/Hub/Editor/2021.3.7f1/Editor/Data/PlaybackEngines/WindowsStandaloneSupport/UnityEditor.WindowsStandalone.Extensions.dll
Registered in 0.005031 seconds.
Native extension for WindowsStandalone target not found
Native extension for Android target not found
Native extension for WebGL target not found
Refreshing native plugins compatible for Editor in 90.15 ms, found 4 plugins.
Preloading 0 native plugins for Editor in 0.00 ms.
Mono: successfully reloaded assembly
- Completed reload, in  0.676 seconds
Domain Reload Profiling:
	ReloadAssembly (677ms)
		BeginReloadAssembly (73ms)
			ExecutionOrderSort (0ms)
			DisableScriptedObjects (0ms)
			BackupInstance (0ms)
			ReleaseScriptingObjects (0ms)
			CreateAndSetChildDomain (1ms)
		EndReloadAssembly (503ms)
			LoadAssemblies (71ms)
			RebuildTransferFunctionScriptingTraits (0ms)
			SetupTypeCache (116ms)
			ReleaseScriptCaches (0ms)
			RebuildScriptCaches (29ms)
			SetupLoadedEditorAssemblies (301ms)
				LogAssemblyErrors (0ms)
				InitializePlatformSupportModulesInManaged (66ms)
				SetLoadedEditorAssemblies (0ms)
				RefreshPlugins (90ms)
				BeforeProcessingInitializeOnLoad (1ms)
				ProcessInitializeOnLoadAttributes (95ms)
				ProcessInitializeOnLoadMethodAttributes (49ms)
				AfterProcessingInitializeOnLoad (0ms)
				EditorAssembliesLoaded (0ms)
			ExecutionOrderSort2 (0ms)
			AwakeInstancesAfterBackupRestoration (0ms)
Platform modules already initialized, skipping
Registering precompiled user dll's ...
Registered in 0.005447 seconds.
Begin MonoManager ReloadAssembly
Symbol file LoadedFromMemory doesn't match image C:\Users\6800U\Desktop\Unity\TopDown2DGame\TopDown2DGame\Library\PackageCache\com.unity.visualscripting@1.7.8\Editor\VisualScripting.Core\Dependencies\YamlDotNet\Unity.VisualScripting.YamlDotNet.dll
Symbol file LoadedFromMemory doesn't match image C:\Users\6800U\Desktop\Unity\TopDown2DGame\TopDown2DGame\Library\PackageCache\com.unity.visualscripting@1.7.8\Editor\VisualScripting.Core\Dependencies\DotNetZip\Unity.VisualScripting.IonicZip.dll
Native extension for WindowsStandalone target not found
Native extension for Android target not found
Native extension for WebGL target not found
Refreshing native plugins compatible for Editor in 93.98 ms, found 4 plugins.
Preloading 0 native plugins for Editor in 0.00 ms.
Mono: successfully reloaded assembly
- Completed reload, in  1.438 seconds
Domain Reload Profiling:
	ReloadAssembly (1439ms)
		BeginReloadAssembly (230ms)
			ExecutionOrderSort (0ms)
			DisableScriptedObjects (6ms)
			BackupInstance (0ms)
			ReleaseScriptingObjects (0ms)
			CreateAndSetChildDomain (134ms)
		EndReloadAssembly (1082ms)
			LoadAssemblies (90ms)
			RebuildTransferFunctionScriptingTraits (0ms)
			SetupTypeCache (298ms)
			ReleaseScriptCaches (1ms)
			RebuildScriptCaches (77ms)
			SetupLoadedEditorAssemblies (547ms)
				LogAssemblyErrors (0ms)
				InitializePlatformSupportModulesInManaged (15ms)
				SetLoadedEditorAssemblies (0ms)
				RefreshPlugins (94ms)
				BeforeProcessingInitializeOnLoad (108ms)
				ProcessInitializeOnLoadAttributes (263ms)
				ProcessInitializeOnLoadMethodAttributes (59ms)
				AfterProcessingInitializeOnLoad (6ms)
				EditorAssembliesLoaded (0ms)
			ExecutionOrderSort2 (0ms)
			AwakeInstancesAfterBackupRestoration (6ms)
Platform modules already initialized, skipping
========================================================================
Worker process is ready to serve import requests
Launched and connected shader compiler UnityShaderCompiler.exe after 0.05 seconds
Refreshing native plugins compatible for Editor in 1.75 ms, found 4 plugins.
Preloading 0 native plugins for Editor in 0.00 ms.
Unloading 4066 Unused Serialized files (Serialized files now loaded: 0)
Unloading 44 unused Assets / (222.8 KB). Loaded Objects now: 4518.
Memory consumption went from 155.8 MB to 155.6 MB.
Total: 4.537500 ms (FindLiveObjects: 0.438800 ms CreateObjectMapping: 0.175600 ms MarkObjects: 3.501500 ms  DeleteObjects: 0.420000 ms)

AssetImportParameters requested are different than current active one (requested -> active):
  custom:video-decoder-ogg-theora: a1e56fd34408186e4bbccfd4996cb3dc -> 
  custom:container-muxer-webm: aa71ff27fc2769a1b78a27578f13a17b -> 
  custom:container-demuxer-webm: 4f35f7cbe854078d1ac9338744f61a02 -> 
  custom:video-encoder-webm-vp8: eb34c28f22e8b96e1ab97ce403110664 -> 
  custom:audio-encoder-webm-vorbis: bf7c407c2cedff20999df2af8eb42d56 -> 
  custom:framework-win-MediaFoundation: 216162199b28c13a410421893ffa2e32 -> 
  custom:container-demuxer-ogg: 62fdf1f143b41e24485cea50d1cbac27 -> 
  custom:video-decoder-webm-vp8: 9c59270c3fd7afecdb556c50c9e8de78 -> 
  custom:audio-decoder-ogg-vorbis: bf7c407c2cedff20999df2af8eb42d56 -> 
========================================================================
Received Import Request.
  Time since last request: 150307.745332 seconds.
  path: Assets/Art/mystic_woods/tilesets/fences.png
  artifactKey: Guid(868b24e393cdc0e4687e43e8f179207a) Importer(815301076,1909f56bfc062723c751e8b465ee728b)
Start importing Assets/Art/mystic_woods/tilesets/fences.png using Guid(868b24e393cdc0e4687e43e8f179207a) Importer(815301076,1909f56bfc062723c751e8b465ee728b)  -> (artifact id: '4a9ebe9ceaf70a3dce43e3a3f69fe3a4') in 0.073461 seconds 
========================================================================
Received Import Request.
  Time since last request: 0.000031 seconds.
  path: Assets/Art/mystic_woods/tilesets/grass.png
  artifactKey: Guid(7c78b697d4e072f44ac780a711730ccb) Importer(815301076,1909f56bfc062723c751e8b465ee728b)
Start importing Assets/Art/mystic_woods/tilesets/grass.png using Guid(7c78b697d4e072f44ac780a711730ccb) Importer(815301076,1909f56bfc062723c751e8b465ee728b)  -> (artifact id: '3fe5588a935373431e3ce217ed3f076e') in 0.014860 seconds 
========================================================================
Received Import Request.
  Time since last request: 8.524352 seconds.
  path: Assets/Art/mystic_woods/tilesets/grass.png
  artifactKey: Guid(7c78b697d4e072f44ac780a711730ccb) Importer(815301076,1909f56bfc062723c751e8b465ee728b)
Start importing Assets/Art/mystic_woods/tilesets/grass.png using Guid(7c78b697d4e072f44ac780a711730ccb) Importer(815301076,1909f56bfc062723c751e8b465ee728b)  -> (artifact id: 'a8366c1dd727b0243e3891335fe7aee6') in 0.044782 seconds 
========================================================================
Received Import Request.
  Time since last request: 13.991381 seconds.
  path: Assets/Art/mystic_woods/tilesets/MysticWoods.prefab
  artifactKey: Guid(677d11f0723603a43b0f79c0cdc755a2) Importer(815301076,1909f56bfc062723c751e8b465ee728b)
Start importing Assets/Art/mystic_woods/tilesets/MysticWoods.prefab using Guid(677d11f0723603a43b0f79c0cdc755a2) Importer(815301076,1909f56bfc062723c751e8b465ee728b)  -> (artifact id: '48aae66fcb04498afedeaee078bcd4f7') in 0.052383 seconds 
========================================================================
Received Import Request.
  Time since last request: 26.138656 seconds.
  path: Assets/Art/mystic_woods/tilesets/fences.png
  artifactKey: Guid(868b24e393cdc0e4687e43e8f179207a) Importer(815301076,1909f56bfc062723c751e8b465ee728b)
Start importing Assets/Art/mystic_woods/tilesets/fences.png using Guid(868b24e393cdc0e4687e43e8f179207a) Importer(815301076,1909f56bfc062723c751e8b465ee728b)  -> (artifact id: '76fbda0f1de2a6de7ccc0d0d6c0592bf') in 0.058340 seconds 
========================================================================
Received Import Request.
  Time since last request: 13.339173 seconds.
  path: Assets/Art/mystic_woods/tilesets/Tiles
  artifactKey: Guid(a04bd066208708a4aa9ae3f3acc7a42f) Importer(815301076,1909f56bfc062723c751e8b465ee728b)
Start importing Assets/Art/mystic_woods/tilesets/Tiles using Guid(a04bd066208708a4aa9ae3f3acc7a42f) Importer(815301076,1909f56bfc062723c751e8b465ee728b)  -> (artifact id: '8ffc94ec7ff3c58a11471588150b6b0b') in 0.008999 seconds 
========================================================================
Received Import Request.
  Time since last request: 0.058754 seconds.
  path: Assets/Art/mystic_woods/tilesets/Tiles/grass.asset
  artifactKey: Guid(61eeac2eb7121c04e9daf4948fb142de) Importer(815301076,1909f56bfc062723c751e8b465ee728b)
Start importing Assets/Art/mystic_woods/tilesets/Tiles/grass.asset using Guid(61eeac2eb7121c04e9daf4948fb142de) Importer(815301076,1909f56bfc062723c751e8b465ee728b)  -> (artifact id: 'e262925fb30bc0025ebcf0bb107058e3') in 0.014475 seconds 
========================================================================
Received Import Request.
  Time since last request: 4.465666 seconds.
  path: Assets/Art/mystic_woods/tilesets/floors
  artifactKey: Guid(bf91e406044f6e74892a4d7f1ef2644f) Importer(815301076,1909f56bfc062723c751e8b465ee728b)
Start importing Assets/Art/mystic_woods/tilesets/floors using Guid(bf91e406044f6e74892a4d7f1ef2644f) Importer(815301076,1909f56bfc062723c751e8b465ee728b)  -> (artifact id: 'e8752b1ca6e62ff69d39a04fefd83034') in 0.009034 seconds 
========================================================================
Received Import Request.
  Time since last request: 0.043681 seconds.
  path: Assets/Art/mystic_woods/tilesets/floors/wooden.png
  artifactKey: Guid(02c68b0bc04cd7b48899d91e82b9dcf2) Importer(815301076,1909f56bfc062723c751e8b465ee728b)
Start importing Assets/Art/mystic_woods/tilesets/floors/wooden.png using Guid(02c68b0bc04cd7b48899d91e82b9dcf2) Importer(815301076,1909f56bfc062723c751e8b465ee728b)  -> (artifact id: '7dde2da9abeb20eb88f934d60faa40af') in 0.019789 seconds 
========================================================================
Received Import Request.
  Time since last request: 2.333401 seconds.
  path: Assets/Art/mystic_woods/tilesets/walls
  artifactKey: Guid(c4d65e57e5ed4f44c816b995b26ab39f) Importer(815301076,1909f56bfc062723c751e8b465ee728b)
Start importing Assets/Art/mystic_woods/tilesets/walls using Guid(c4d65e57e5ed4f44c816b995b26ab39f) Importer(815301076,1909f56bfc062723c751e8b465ee728b)  -> (artifact id: '22f0e66599cf1a1f0985eddcce6baca2') in 0.008961 seconds 
========================================================================
Received Import Request.
  Time since last request: 0.058053 seconds.
  path: Assets/Art/mystic_woods/tilesets/walls/walls.png
  artifactKey: Guid(67ed40c77310f244b9a6c7405507442e) Importer(815301076,1909f56bfc062723c751e8b465ee728b)
Start importing Assets/Art/mystic_woods/tilesets/walls/walls.png using Guid(67ed40c77310f244b9a6c7405507442e) Importer(815301076,1909f56bfc062723c751e8b465ee728b)  -> (artifact id: 'f12ce822ee909229c7bf6aa69f3af0ee') in 0.025215 seconds 
========================================================================
Received Import Request.
  Time since last request: 0.000024 seconds.
  path: Assets/Art/mystic_woods/tilesets/walls/wooden_door_b.png
  artifactKey: Guid(05310f0049c52e148a818ead1bd00932) Importer(815301076,1909f56bfc062723c751e8b465ee728b)
Start importing Assets/Art/mystic_woods/tilesets/walls/wooden_door_b.png using Guid(05310f0049c52e148a818ead1bd00932) Importer(815301076,1909f56bfc062723c751e8b465ee728b)  -> (artifact id: 'd4b88f6ecd2f951d1fc8f171dd21eda3') in 0.018786 seconds 
========================================================================
Received Import Request.
  Time since last request: 31.017671 seconds.
  path: Assets/Art/mystic_woods/tilesets/decor_16x16.png
  artifactKey: Guid(0af2f95885f4da44d82b95fcd5d4e728) Importer(815301076,1909f56bfc062723c751e8b465ee728b)
Start importing Assets/Art/mystic_woods/tilesets/decor_16x16.png using Guid(0af2f95885f4da44d82b95fcd5d4e728) Importer(815301076,1909f56bfc062723c751e8b465ee728b)  -> (artifact id: 'af533848338532a6876a273b49e957be') in 0.035627 seconds 
========================================================================
Received Import Request.
  Time since last request: 21.795234 seconds.
  path: Assets/Art/mystic_woods/tilesets/MysticWoods.prefab
  artifactKey: Guid(677d11f0723603a43b0f79c0cdc755a2) Importer(815301076,1909f56bfc062723c751e8b465ee728b)
Start importing Assets/Art/mystic_woods/tilesets/MysticWoods.prefab using Guid(677d11f0723603a43b0f79c0cdc755a2) Importer(815301076,1909f56bfc062723c751e8b465ee728b)  -> (artifact id: 'c767899c975a5a1036cdbfd1a65f3b8a') in 0.028103 seconds 
========================================================================
Received Import Request.
  Time since last request: 54.014249 seconds.
  path: Assets/Art/mystic_woods/tilesets/MysticWoods.prefab
  artifactKey: Guid(677d11f0723603a43b0f79c0cdc755a2) Importer(815301076,1909f56bfc062723c751e8b465ee728b)
Start importing Assets/Art/mystic_woods/tilesets/MysticWoods.prefab using Guid(677d11f0723603a43b0f79c0cdc755a2) Importer(815301076,1909f56bfc062723c751e8b465ee728b)  -> (artifact id: '30d31285e1417729e57e9e57e5ed1f4f') in 0.027994 seconds 
========================================================================
Received Prepare
Registering precompiled user dll's ...
Registered in 0.008657 seconds.
Begin MonoManager ReloadAssembly
Symbol file LoadedFromMemory doesn't match image C:\Users\6800U\Desktop\Unity\TopDown2DGame\TopDown2DGame\Library\PackageCache\com.unity.visualscripting@1.7.8\Editor\VisualScripting.Core\Dependencies\YamlDotNet\Unity.VisualScripting.YamlDotNet.dll
Symbol file LoadedFromMemory doesn't match image C:\Users\6800U\Desktop\Unity\TopDown2DGame\TopDown2DGame\Library\PackageCache\com.unity.visualscripting@1.7.8\Editor\VisualScripting.Core\Dependencies\DotNetZip\Unity.VisualScripting.IonicZip.dll
Native extension for WindowsStandalone target not found
Native extension for Android target not found
Native extension for WebGL target not found
Refreshing native plugins compatible for Editor in 2.67 ms, found 4 plugins.
Preloading 0 native plugins for Editor in 0.00 ms.
Mono: successfully reloaded assembly
- Completed reload, in  1.356 seconds
Domain Reload Profiling:
	ReloadAssembly (1357ms)
		BeginReloadAssembly (185ms)
			ExecutionOrderSort (0ms)
			DisableScriptedObjects (10ms)
			BackupInstance (0ms)
			ReleaseScriptingObjects (0ms)
			CreateAndSetChildDomain (76ms)
		EndReloadAssembly (1041ms)
			LoadAssemblies (103ms)
			RebuildTransferFunctionScriptingTraits (0ms)
			SetupTypeCache (352ms)
			ReleaseScriptCaches (3ms)
			RebuildScriptCaches (60ms)
			SetupLoadedEditorAssemblies (448ms)
				LogAssemblyErrors (0ms)
				InitializePlatformSupportModulesInManaged (34ms)
				SetLoadedEditorAssemblies (1ms)
				RefreshPlugins (3ms)
				BeforeProcessingInitializeOnLoad (105ms)
				ProcessInitializeOnLoadAttributes (247ms)
				ProcessInitializeOnLoadMethodAttributes (51ms)
				AfterProcessingInitializeOnLoad (7ms)
				EditorAssembliesLoaded (0ms)
			ExecutionOrderSort2 (0ms)
			AwakeInstancesAfterBackupRestoration (11ms)
Platform modules already initialized, skipping
Refreshing native plugins compatible for Editor in 3.99 ms, found 4 plugins.
Preloading 0 native plugins for Editor in 0.00 ms.
Unloading 4061 Unused Serialized files (Serialized files now loaded: 0)
Unloading 31 unused Assets / (190.2 KB). Loaded Objects now: 4536.
Memory consumption went from 160.2 MB to 160.0 MB.
Total: 6.934900 ms (FindLiveObjects: 0.589500 ms CreateObjectMapping: 0.095800 ms MarkObjects: 5.778400 ms  DeleteObjects: 0.468900 ms)

AssetImportParameters requested are different than current active one (requested -> active):
  custom:video-decoder-ogg-theora: a1e56fd34408186e4bbccfd4996cb3dc -> 
  custom:container-muxer-webm: aa71ff27fc2769a1b78a27578f13a17b -> 
  custom:container-demuxer-webm: 4f35f7cbe854078d1ac9338744f61a02 -> 
  custom:video-encoder-webm-vp8: eb34c28f22e8b96e1ab97ce403110664 -> 
  custom:audio-encoder-webm-vorbis: bf7c407c2cedff20999df2af8eb42d56 -> 
  custom:framework-win-MediaFoundation: 216162199b28c13a410421893ffa2e32 -> 
  custom:container-demuxer-ogg: 62fdf1f143b41e24485cea50d1cbac27 -> 
  custom:video-decoder-webm-vp8: 9c59270c3fd7afecdb556c50c9e8de78 -> 
  custom:audio-decoder-ogg-vorbis: bf7c407c2cedff20999df2af8eb42d56 -> 
========================================================================
Received Prepare
Registering precompiled user dll's ...
Registered in 0.005993 seconds.
Begin MonoManager ReloadAssembly
Symbol file LoadedFromMemory doesn't match image C:\Users\6800U\Desktop\Unity\TopDown2DGame\TopDown2DGame\Library\PackageCache\com.unity.visualscripting@1.7.8\Editor\VisualScripting.Core\Dependencies\YamlDotNet\Unity.VisualScripting.YamlDotNet.dll
Symbol file LoadedFromMemory doesn't match image C:\Users\6800U\Desktop\Unity\TopDown2DGame\TopDown2DGame\Library\PackageCache\com.unity.visualscripting@1.7.8\Editor\VisualScripting.Core\Dependencies\DotNetZip\Unity.VisualScripting.IonicZip.dll
Native extension for WindowsStandalone target not found
Native extension for Android target not found
Native extension for WebGL target not found
Refreshing native plugins compatible for Editor in 99.16 ms, found 4 plugins.
Preloading 0 native plugins for Editor in 0.00 ms.
Mono: successfully reloaded assembly
- Completed reload, in  0.848 seconds
Domain Reload Profiling:
	ReloadAssembly (849ms)
		BeginReloadAssembly (133ms)
			ExecutionOrderSort (0ms)
			DisableScriptedObjects (6ms)
			BackupInstance (0ms)
			ReleaseScriptingObjects (0ms)
			CreateAndSetChildDomain (49ms)
		EndReloadAssembly (639ms)
			LoadAssemblies (61ms)
			RebuildTransferFunctionScriptingTraits (0ms)
			SetupTypeCache (178ms)
			ReleaseScriptCaches (2ms)
			RebuildScriptCaches (34ms)
			SetupLoadedEditorAssemblies (317ms)
				LogAssemblyErrors (0ms)
				InitializePlatformSupportModulesInManaged (26ms)
				SetLoadedEditorAssemblies (0ms)
				RefreshPlugins (99ms)
				BeforeProcessingInitializeOnLoad (81ms)
				ProcessInitializeOnLoadAttributes (91ms)
				ProcessInitializeOnLoadMethodAttributes (15ms)
				AfterProcessingInitializeOnLoad (4ms)
				EditorAssembliesLoaded (0ms)
			ExecutionOrderSort2 (0ms)
			AwakeInstancesAfterBackupRestoration (5ms)
Platform modules already initialized, skipping
Refreshing native plugins compatible for Editor in 2.23 ms, found 4 plugins.
Preloading 0 native plugins for Editor in 0.00 ms.
Unloading 4399 Unused Serialized files (Serialized files now loaded: 0)
Unloading 32 unused Assets / (191.1 KB). Loaded Objects now: 4873.
Memory consumption went from 170.8 MB to 170.6 MB.
Total: 2.802100 ms (FindLiveObjects: 0.371400 ms CreateObjectMapping: 0.163600 ms MarkObjects: 2.094800 ms  DeleteObjects: 0.171600 ms)

AssetImportParameters requested are different than current active one (requested -> active):
  custom:video-decoder-ogg-theora: a1e56fd34408186e4bbccfd4996cb3dc -> 
  custom:container-muxer-webm: aa71ff27fc2769a1b78a27578f13a17b -> 
  custom:container-demuxer-webm: 4f35f7cbe854078d1ac9338744f61a02 -> 
  custom:postprocessor/textureSprite: 704a9d4329f3af01b3a5c89999a88182 -> 1909f56bfc062723c751e8b465ee728b
  custom:video-encoder-webm-vp8: eb34c28f22e8b96e1ab97ce403110664 -> 
  custom:audio-encoder-webm-vorbis: bf7c407c2cedff20999df2af8eb42d56 -> 
  custom:framework-win-MediaFoundation: 216162199b28c13a410421893ffa2e32 -> 
  custom:container-demuxer-ogg: 62fdf1f143b41e24485cea50d1cbac27 -> 
  custom:video-decoder-webm-vp8: 9c59270c3fd7afecdb556c50c9e8de78 -> 
  custom:audio-decoder-ogg-vorbis: bf7c407c2cedff20999df2af8eb42d56 -> 
