Using pre-set license
Built from '2021.3/staging' branch; Version is '2021.3.7f1 (24e8595d6d43) revision 2418777'; Using compiler version '192829333'; Build Type 'Release'
OS: 'Windows 11  (10.0.22000) 64bit Professional' Language: 'ko' Physical Memory: 14020 MB
BatchMode: 1, IsHumanControllingUs: 0, StartBugReporterOnCrash: 0, Is64bit: 1, IsPro: 1

COMMAND LINE ARGUMENTS:
C:\Program Files\Unity\Hub\Editor\2021.3.7f1\Editor\Unity.exe
-adb2
-batchMode
-noUpm
-name
AssetImportWorker2
-projectPath
C:/Users/6800U/Desktop/Unity/TopDown2DGame/TopDown2DGame
-logFile
Logs/AssetImportWorker2.log
-srvPort
50912
Successfully changed project path to: C:/Users/6800U/Desktop/Unity/TopDown2DGame/TopDown2DGame
C:/Users/6800U/Desktop/Unity/TopDown2DGame/TopDown2DGame
[UnityMemory] Configuration Parameters - Can be set up in boot.config
    "memorysetup-bucket-allocator-granularity=16"
    "memorysetup-bucket-allocator-bucket-count=8"
    "memorysetup-bucket-allocator-block-size=33554432"
    "memorysetup-bucket-allocator-block-count=8"
    "memorysetup-main-allocator-block-size=16777216"
    "memorysetup-thread-allocator-block-size=16777216"
    "memorysetup-gfx-main-allocator-block-size=16777216"
    "memorysetup-gfx-thread-allocator-block-size=16777216"
    "memorysetup-cache-allocator-block-size=4194304"
    "memorysetup-typetree-allocator-block-size=2097152"
    "memorysetup-profiler-bucket-allocator-granularity=16"
    "memorysetup-profiler-bucket-allocator-bucket-count=8"
    "memorysetup-profiler-bucket-allocator-block-size=33554432"
    "memorysetup-profiler-bucket-allocator-block-count=8"
    "memorysetup-profiler-allocator-block-size=16777216"
    "memorysetup-profiler-editor-allocator-block-size=1048576"
    "memorysetup-temp-allocator-size-main=16777216"
    "memorysetup-job-temp-allocator-block-size=2097152"
    "memorysetup-job-temp-allocator-block-size-background=1048576"
    "memorysetup-job-temp-allocator-reduction-small-platforms=262144"
    "memorysetup-temp-allocator-size-background-worker=32768"
    "memorysetup-temp-allocator-size-job-worker=262144"
    "memorysetup-temp-allocator-size-preload-manager=33554432"
    "memorysetup-temp-allocator-size-nav-mesh-worker=65536"
    "memorysetup-temp-allocator-size-audio-worker=65536"
    "memorysetup-temp-allocator-size-cloud-worker=32768"
    "memorysetup-temp-allocator-size-gi-baking-worker=262144"
    "memorysetup-temp-allocator-size-gfx=262144"
Refreshing native plugins compatible for Editor in 91.98 ms, found 4 plugins.
Preloading 0 native plugins for Editor in 0.00 ms.
Initialize engine version: 2021.3.7f1 (24e8595d6d43)
[Subsystems] Discovering subsystems at path C:/Program Files/Unity/Hub/Editor/2021.3.7f1/Editor/Data/Resources/UnitySubsystems
[Subsystems] Discovering subsystems at path C:/Users/6800U/Desktop/Unity/TopDown2DGame/TopDown2DGame/Assets
GfxDevice: creating device client; threaded=0; jobified=0
Direct3D:
    Version:  Direct3D 11.0 [level 11.1]
    Renderer: AMD Radeon(TM) Graphics (ID=0x1681)
    Vendor:   ATI
    VRAM:     7010 MB
    Driver:   30.0.14044.3001
Initialize mono
Mono path[0] = 'C:/Program Files/Unity/Hub/Editor/2021.3.7f1/Editor/Data/Managed'
Mono path[1] = 'C:/Program Files/Unity/Hub/Editor/2021.3.7f1/Editor/Data/MonoBleedingEdge/lib/mono/unityjit-win32'
Mono config path = 'C:/Program Files/Unity/Hub/Editor/2021.3.7f1/Editor/Data/MonoBleedingEdge/etc'
Using monoOptions --debugger-agent=transport=dt_socket,embedding=1,server=y,suspend=n,address=127.0.0.1:56540
Begin MonoManager ReloadAssembly
Registering precompiled unity dll's ...
Register platform support module: C:/Program Files/Unity/Hub/Editor/2021.3.7f1/Editor/Data/PlaybackEngines/WebGLSupport/UnityEditor.WebGL.Extensions.dll
Register platform support module: C:/Program Files/Unity/Hub/Editor/2021.3.7f1/Editor/Data/PlaybackEngines/AndroidPlayer/UnityEditor.Android.Extensions.dll
Register platform support module: C:/Program Files/Unity/Hub/Editor/2021.3.7f1/Editor/Data/PlaybackEngines/WindowsStandaloneSupport/UnityEditor.WindowsStandalone.Extensions.dll
Registered in 0.004103 seconds.
Native extension for WindowsStandalone target not found
Native extension for Android target not found
Native extension for WebGL target not found
Refreshing native plugins compatible for Editor in 94.56 ms, found 4 plugins.
Preloading 0 native plugins for Editor in 0.00 ms.
Mono: successfully reloaded assembly
- Completed reload, in  0.582 seconds
Domain Reload Profiling:
	ReloadAssembly (582ms)
		BeginReloadAssembly (60ms)
			ExecutionOrderSort (0ms)
			DisableScriptedObjects (0ms)
			BackupInstance (0ms)
			ReleaseScriptingObjects (0ms)
			CreateAndSetChildDomain (1ms)
		EndReloadAssembly (435ms)
			LoadAssemblies (59ms)
			RebuildTransferFunctionScriptingTraits (0ms)
			SetupTypeCache (92ms)
			ReleaseScriptCaches (0ms)
			RebuildScriptCaches (25ms)
			SetupLoadedEditorAssemblies (276ms)
				LogAssemblyErrors (0ms)
				InitializePlatformSupportModulesInManaged (52ms)
				SetLoadedEditorAssemblies (0ms)
				RefreshPlugins (95ms)
				BeforeProcessingInitializeOnLoad (1ms)
				ProcessInitializeOnLoadAttributes (89ms)
				ProcessInitializeOnLoadMethodAttributes (39ms)
				AfterProcessingInitializeOnLoad (0ms)
				EditorAssembliesLoaded (0ms)
			ExecutionOrderSort2 (0ms)
			AwakeInstancesAfterBackupRestoration (0ms)
Platform modules already initialized, skipping
Registering precompiled user dll's ...
Registered in 0.005321 seconds.
Begin MonoManager ReloadAssembly
Symbol file LoadedFromMemory doesn't match image C:\Users\6800U\Desktop\Unity\TopDown2DGame\TopDown2DGame\Library\PackageCache\com.unity.visualscripting@1.7.8\Editor\VisualScripting.Core\Dependencies\YamlDotNet\Unity.VisualScripting.YamlDotNet.dll
Symbol file LoadedFromMemory doesn't match image C:\Users\6800U\Desktop\Unity\TopDown2DGame\TopDown2DGame\Library\PackageCache\com.unity.visualscripting@1.7.8\Editor\VisualScripting.Core\Dependencies\DotNetZip\Unity.VisualScripting.IonicZip.dll
Native extension for WindowsStandalone target not found
Native extension for Android target not found
Native extension for WebGL target not found
Refreshing native plugins compatible for Editor in 106.63 ms, found 4 plugins.
Preloading 0 native plugins for Editor in 0.00 ms.
Mono: successfully reloaded assembly
- Completed reload, in  1.258 seconds
Domain Reload Profiling:
	ReloadAssembly (1259ms)
		BeginReloadAssembly (224ms)
			ExecutionOrderSort (0ms)
			DisableScriptedObjects (8ms)
			BackupInstance (0ms)
			ReleaseScriptingObjects (0ms)
			CreateAndSetChildDomain (129ms)
		EndReloadAssembly (939ms)
			LoadAssemblies (72ms)
			RebuildTransferFunctionScriptingTraits (0ms)
			SetupTypeCache (219ms)
			ReleaseScriptCaches (1ms)
			RebuildScriptCaches (56ms)
			SetupLoadedEditorAssemblies (549ms)
				LogAssemblyErrors (0ms)
				InitializePlatformSupportModulesInManaged (12ms)
				SetLoadedEditorAssemblies (0ms)
				RefreshPlugins (107ms)
				BeforeProcessingInitializeOnLoad (110ms)
				ProcessInitializeOnLoadAttributes (272ms)
				ProcessInitializeOnLoadMethodAttributes (44ms)
				AfterProcessingInitializeOnLoad (5ms)
				EditorAssembliesLoaded (0ms)
			ExecutionOrderSort2 (0ms)
			AwakeInstancesAfterBackupRestoration (4ms)
Platform modules already initialized, skipping
========================================================================
Worker process is ready to serve import requests
Launched and connected shader compiler UnityShaderCompiler.exe after 0.06 seconds
Refreshing native plugins compatible for Editor in 1.60 ms, found 4 plugins.
Preloading 0 native plugins for Editor in 0.00 ms.
Unloading 4564 Unused Serialized files (Serialized files now loaded: 0)
Unloading 61 unused Assets / (293.3 KB). Loaded Objects now: 5015.
Memory consumption went from 174.7 MB to 174.4 MB.
Total: 5.831300 ms (FindLiveObjects: 0.502300 ms CreateObjectMapping: 0.240700 ms MarkObjects: 4.780900 ms  DeleteObjects: 0.306100 ms)

AssetImportParameters requested are different than current active one (requested -> active):
  custom:video-decoder-ogg-theora: a1e56fd34408186e4bbccfd4996cb3dc -> 
  custom:container-muxer-webm: aa71ff27fc2769a1b78a27578f13a17b -> 
  custom:container-demuxer-webm: 4f35f7cbe854078d1ac9338744f61a02 -> 
  custom:video-encoder-webm-vp8: eb34c28f22e8b96e1ab97ce403110664 -> 
  custom:audio-encoder-webm-vorbis: bf7c407c2cedff20999df2af8eb42d56 -> 
  custom:framework-win-MediaFoundation: 216162199b28c13a410421893ffa2e32 -> 
  custom:container-demuxer-ogg: 62fdf1f143b41e24485cea50d1cbac27 -> 
  custom:video-decoder-webm-vp8: 9c59270c3fd7afecdb556c50c9e8de78 -> 
  custom:audio-decoder-ogg-vorbis: bf7c407c2cedff20999df2af8eb42d56 -> 
========================================================================
Received Import Request.
  Time since last request: 175035.271765 seconds.
  path: Assets/Art/rpg-pack/tiles/atlas_10.asset
  artifactKey: Guid(ed958ff2fbf74fa48b4be6623b7b36cd) Importer(815301076,1909f56bfc062723c751e8b465ee728b)
Start importing Assets/Art/rpg-pack/tiles/atlas_10.asset using Guid(ed958ff2fbf74fa48b4be6623b7b36cd) Importer(815301076,1909f56bfc062723c751e8b465ee728b)  -> (artifact id: '63bfbdf1a576a9b0d5ef4c4c3a2d36a1') in 0.125935 seconds 
========================================================================
Received Import Request.
  Time since last request: 0.000032 seconds.
  path: Assets/Art/rpg-pack/tiles/atlas_17.asset
  artifactKey: Guid(12c8503694e313540bb57938e8e684d0) Importer(815301076,1909f56bfc062723c751e8b465ee728b)
Start importing Assets/Art/rpg-pack/tiles/atlas_17.asset using Guid(12c8503694e313540bb57938e8e684d0) Importer(815301076,1909f56bfc062723c751e8b465ee728b)  -> (artifact id: '10ee7c5b2c592d8a2926f7e43d087133') in 0.024859 seconds 
========================================================================
Received Import Request.
  Time since last request: 0.000039 seconds.
  path: Assets/Art/rpg-pack/tiles/atlas_44.asset
  artifactKey: Guid(35b9e170177d61149ac3666f3d5c72da) Importer(815301076,1909f56bfc062723c751e8b465ee728b)
Start importing Assets/Art/rpg-pack/tiles/atlas_44.asset using Guid(35b9e170177d61149ac3666f3d5c72da) Importer(815301076,1909f56bfc062723c751e8b465ee728b)  -> (artifact id: 'd7c64392dade4e41c1d6c000a5213976') in 0.024013 seconds 
========================================================================
Received Import Request.
  Time since last request: 0.000033 seconds.
  path: Assets/Art/rpg-pack/tiles/atlas_351.asset
  artifactKey: Guid(1af56bfff9da264488d658f61b038fed) Importer(815301076,1909f56bfc062723c751e8b465ee728b)
Start importing Assets/Art/rpg-pack/tiles/atlas_351.asset using Guid(1af56bfff9da264488d658f61b038fed) Importer(815301076,1909f56bfc062723c751e8b465ee728b)  -> (artifact id: '679cbb0fae2257b41730c660bb24bee0') in 0.015546 seconds 
========================================================================
Received Import Request.
  Time since last request: 0.000039 seconds.
  path: Assets/Art/rpg-pack/tiles/atlas_14.asset
  artifactKey: Guid(d7d935e00e6442d4ab584b9282cabae2) Importer(815301076,1909f56bfc062723c751e8b465ee728b)
Start importing Assets/Art/rpg-pack/tiles/atlas_14.asset using Guid(d7d935e00e6442d4ab584b9282cabae2) Importer(815301076,1909f56bfc062723c751e8b465ee728b)  -> (artifact id: 'bd53ddfb94c1f6d26f87d767554fc680') in 0.018208 seconds 
========================================================================
Received Import Request.
  Time since last request: 0.000025 seconds.
  path: Assets/Art/rpg-pack/tiles/atlas_30.asset
  artifactKey: Guid(a7b668edf7d643e428a780b10e5d72f6) Importer(815301076,1909f56bfc062723c751e8b465ee728b)
Start importing Assets/Art/rpg-pack/tiles/atlas_30.asset using Guid(a7b668edf7d643e428a780b10e5d72f6) Importer(815301076,1909f56bfc062723c751e8b465ee728b)  -> (artifact id: 'd336d712d839eaf2c1ac56b239176ea2') in 0.014033 seconds 
========================================================================
Received Import Request.
  Time since last request: 0.000035 seconds.
  path: Assets/Art/rpg-pack/tiles/atlas_18.asset
  artifactKey: Guid(abcccc8d4eb2c2e449559d8cdee6dd29) Importer(815301076,1909f56bfc062723c751e8b465ee728b)
Start importing Assets/Art/rpg-pack/tiles/atlas_18.asset using Guid(abcccc8d4eb2c2e449559d8cdee6dd29) Importer(815301076,1909f56bfc062723c751e8b465ee728b)  -> (artifact id: '998a52d1d065743b4402c28afa2efb46') in 0.018206 seconds 
========================================================================
Received Import Request.
  Time since last request: 0.000028 seconds.
  path: Assets/Art/rpg-pack/tiles/atlas_0.asset
  artifactKey: Guid(83554ecebdf67ba41b889d782050ea05) Importer(815301076,1909f56bfc062723c751e8b465ee728b)
Start importing Assets/Art/rpg-pack/tiles/atlas_0.asset using Guid(83554ecebdf67ba41b889d782050ea05) Importer(815301076,1909f56bfc062723c751e8b465ee728b)  -> (artifact id: '8b4106af703293da7171b117b5827532') in 0.014320 seconds 
========================================================================
Received Import Request.
  Time since last request: 0.000027 seconds.
  path: Assets/Art/rpg-pack/tiles/atlas_39.asset
  artifactKey: Guid(f9fcb5e67431af14e959c63434e647a2) Importer(815301076,1909f56bfc062723c751e8b465ee728b)
Start importing Assets/Art/rpg-pack/tiles/atlas_39.asset using Guid(f9fcb5e67431af14e959c63434e647a2) Importer(815301076,1909f56bfc062723c751e8b465ee728b)  -> (artifact id: '57e7c904e6f97de80c1a0b66773d46a5') in 0.012903 seconds 
========================================================================
Received Import Request.
  Time since last request: 0.000032 seconds.
  path: Assets/Art/rpg-pack/tiles/atlas_7.asset
  artifactKey: Guid(d0749a620cd7bf54497427231e4e12a3) Importer(815301076,1909f56bfc062723c751e8b465ee728b)
Start importing Assets/Art/rpg-pack/tiles/atlas_7.asset using Guid(d0749a620cd7bf54497427231e4e12a3) Importer(815301076,1909f56bfc062723c751e8b465ee728b)  -> (artifact id: 'b4658cd80bc18aefe548596883694fbe') in 0.013695 seconds 
========================================================================
Received Import Request.
  Time since last request: 0.000023 seconds.
  path: Assets/Art/rpg-pack/tiles/atlas_48.asset
  artifactKey: Guid(0fd15690fdeb39b42bb30346efe6a23e) Importer(815301076,1909f56bfc062723c751e8b465ee728b)
Start importing Assets/Art/rpg-pack/tiles/atlas_48.asset using Guid(0fd15690fdeb39b42bb30346efe6a23e) Importer(815301076,1909f56bfc062723c751e8b465ee728b)  -> (artifact id: 'bc4b18e979383116f0595c1ff312d4dc') in 0.011526 seconds 
========================================================================
Received Import Request.
  Time since last request: 0.000029 seconds.
  path: Assets/Art/rpg-pack/tiles/atlas_13.asset
  artifactKey: Guid(22cc03daaa1e3844492a7978544dadef) Importer(815301076,1909f56bfc062723c751e8b465ee728b)
Start importing Assets/Art/rpg-pack/tiles/atlas_13.asset using Guid(22cc03daaa1e3844492a7978544dadef) Importer(815301076,1909f56bfc062723c751e8b465ee728b)  -> (artifact id: '96c6771825ce8d1c6d8d63b52a1e44db') in 0.014493 seconds 
========================================================================
Received Import Request.
  Time since last request: 0.000023 seconds.
  path: Assets/Art/rpg-pack/tiles/atlas_5.asset
  artifactKey: Guid(c7b5fe4b463b5f64f85325e6468f4373) Importer(815301076,1909f56bfc062723c751e8b465ee728b)
Start importing Assets/Art/rpg-pack/tiles/atlas_5.asset using Guid(c7b5fe4b463b5f64f85325e6468f4373) Importer(815301076,1909f56bfc062723c751e8b465ee728b)  -> (artifact id: '0c1d9265c9537e94e744247a5c9c68a0') in 0.011591 seconds 
Editor requested this worker to shutdown with reason: Scaling down because of idle timeout
AssetImportWorker is now disconnected from the server
Process exiting
Exiting without the bug reporter. Application will terminate with return code 0