Using pre-set license
Built from '2021.3/staging' branch; Version is '2021.3.7f1 (24e8595d6d43) revision 2418777'; Using compiler version '192829333'; Build Type 'Release'
OS: 'Windows 11  (10.0.22000) 64bit Professional' Language: 'ko' Physical Memory: 14020 MB
BatchMode: 1, IsHumanControllingUs: 0, StartBugReporterOnCrash: 0, Is64bit: 1, IsPro: 1

COMMAND LINE ARGUMENTS:
C:\Program Files\Unity\Hub\Editor\2021.3.7f1\Editor\Unity.exe
-adb2
-batchMode
-noUpm
-name
AssetImportWorker4
-projectPath
C:/Users/6800U/Desktop/Unity/TopDown2DGame/TopDown2DGame
-logFile
Logs/AssetImportWorker4.log
-srvPort
50912
Successfully changed project path to: C:/Users/6800U/Desktop/Unity/TopDown2DGame/TopDown2DGame
C:/Users/6800U/Desktop/Unity/TopDown2DGame/TopDown2DGame
[UnityMemory] Configuration Parameters - Can be set up in boot.config
    "memorysetup-bucket-allocator-granularity=16"
    "memorysetup-bucket-allocator-bucket-count=8"
    "memorysetup-bucket-allocator-block-size=33554432"
    "memorysetup-bucket-allocator-block-count=8"
    "memorysetup-main-allocator-block-size=16777216"
    "memorysetup-thread-allocator-block-size=16777216"
    "memorysetup-gfx-main-allocator-block-size=16777216"
    "memorysetup-gfx-thread-allocator-block-size=16777216"
    "memorysetup-cache-allocator-block-size=4194304"
    "memorysetup-typetree-allocator-block-size=2097152"
    "memorysetup-profiler-bucket-allocator-granularity=16"
    "memorysetup-profiler-bucket-allocator-bucket-count=8"
    "memorysetup-profiler-bucket-allocator-block-size=33554432"
    "memorysetup-profiler-bucket-allocator-block-count=8"
    "memorysetup-profiler-allocator-block-size=16777216"
    "memorysetup-profiler-editor-allocator-block-size=1048576"
    "memorysetup-temp-allocator-size-main=16777216"
    "memorysetup-job-temp-allocator-block-size=2097152"
    "memorysetup-job-temp-allocator-block-size-background=1048576"
    "memorysetup-job-temp-allocator-reduction-small-platforms=262144"
    "memorysetup-temp-allocator-size-background-worker=32768"
    "memorysetup-temp-allocator-size-job-worker=262144"
    "memorysetup-temp-allocator-size-preload-manager=33554432"
    "memorysetup-temp-allocator-size-nav-mesh-worker=65536"
    "memorysetup-temp-allocator-size-audio-worker=65536"
    "memorysetup-temp-allocator-size-cloud-worker=32768"
    "memorysetup-temp-allocator-size-gi-baking-worker=262144"
    "memorysetup-temp-allocator-size-gfx=262144"
Refreshing native plugins compatible for Editor in 109.27 ms, found 4 plugins.
Preloading 0 native plugins for Editor in 0.00 ms.
Initialize engine version: 2021.3.7f1 (24e8595d6d43)
[Subsystems] Discovering subsystems at path C:/Program Files/Unity/Hub/Editor/2021.3.7f1/Editor/Data/Resources/UnitySubsystems
[Subsystems] Discovering subsystems at path C:/Users/6800U/Desktop/Unity/TopDown2DGame/TopDown2DGame/Assets
GfxDevice: creating device client; threaded=0; jobified=0
Direct3D:
    Version:  Direct3D 11.0 [level 11.1]
    Renderer: AMD Radeon(TM) Graphics (ID=0x1681)
    Vendor:   ATI
    VRAM:     7010 MB
    Driver:   30.0.14044.3001
Initialize mono
Mono path[0] = 'C:/Program Files/Unity/Hub/Editor/2021.3.7f1/Editor/Data/Managed'
Mono path[1] = 'C:/Program Files/Unity/Hub/Editor/2021.3.7f1/Editor/Data/MonoBleedingEdge/lib/mono/unityjit-win32'
Mono config path = 'C:/Program Files/Unity/Hub/Editor/2021.3.7f1/Editor/Data/MonoBleedingEdge/etc'
Using monoOptions --debugger-agent=transport=dt_socket,embedding=1,server=y,suspend=n,address=127.0.0.1:56460
Begin MonoManager ReloadAssembly
Registering precompiled unity dll's ...
Register platform support module: C:/Program Files/Unity/Hub/Editor/2021.3.7f1/Editor/Data/PlaybackEngines/WebGLSupport/UnityEditor.WebGL.Extensions.dll
Register platform support module: C:/Program Files/Unity/Hub/Editor/2021.3.7f1/Editor/Data/PlaybackEngines/AndroidPlayer/UnityEditor.Android.Extensions.dll
Register platform support module: C:/Program Files/Unity/Hub/Editor/2021.3.7f1/Editor/Data/PlaybackEngines/WindowsStandaloneSupport/UnityEditor.WindowsStandalone.Extensions.dll
Registered in 0.005507 seconds.
Native extension for WindowsStandalone target not found
Native extension for Android target not found
Native extension for WebGL target not found
Refreshing native plugins compatible for Editor in 99.34 ms, found 4 plugins.
Preloading 0 native plugins for Editor in 0.00 ms.
Mono: successfully reloaded assembly
- Completed reload, in  0.705 seconds
Domain Reload Profiling:
	ReloadAssembly (705ms)
		BeginReloadAssembly (88ms)
			ExecutionOrderSort (0ms)
			DisableScriptedObjects (0ms)
			BackupInstance (0ms)
			ReleaseScriptingObjects (0ms)
			CreateAndSetChildDomain (1ms)
		EndReloadAssembly (513ms)
			LoadAssemblies (86ms)
			RebuildTransferFunctionScriptingTraits (0ms)
			SetupTypeCache (116ms)
			ReleaseScriptCaches (0ms)
			RebuildScriptCaches (31ms)
			SetupLoadedEditorAssemblies (312ms)
				LogAssemblyErrors (0ms)
				InitializePlatformSupportModulesInManaged (59ms)
				SetLoadedEditorAssemblies (0ms)
				RefreshPlugins (100ms)
				BeforeProcessingInitializeOnLoad (1ms)
				ProcessInitializeOnLoadAttributes (104ms)
				ProcessInitializeOnLoadMethodAttributes (48ms)
				AfterProcessingInitializeOnLoad (0ms)
				EditorAssembliesLoaded (0ms)
			ExecutionOrderSort2 (0ms)
			AwakeInstancesAfterBackupRestoration (0ms)
Platform modules already initialized, skipping
Registering precompiled user dll's ...
Registered in 0.006376 seconds.
Begin MonoManager ReloadAssembly
Symbol file LoadedFromMemory doesn't match image C:\Users\6800U\Desktop\Unity\TopDown2DGame\TopDown2DGame\Library\PackageCache\com.unity.visualscripting@1.7.8\Editor\VisualScripting.Core\Dependencies\YamlDotNet\Unity.VisualScripting.YamlDotNet.dll
Symbol file LoadedFromMemory doesn't match image C:\Users\6800U\Desktop\Unity\TopDown2DGame\TopDown2DGame\Library\PackageCache\com.unity.visualscripting@1.7.8\Editor\VisualScripting.Core\Dependencies\DotNetZip\Unity.VisualScripting.IonicZip.dll
Native extension for WindowsStandalone target not found
Native extension for Android target not found
Native extension for WebGL target not found
Refreshing native plugins compatible for Editor in 104.90 ms, found 4 plugins.
Preloading 0 native plugins for Editor in 0.00 ms.
Mono: successfully reloaded assembly
- Completed reload, in  1.554 seconds
Domain Reload Profiling:
	ReloadAssembly (1555ms)
		BeginReloadAssembly (239ms)
			ExecutionOrderSort (0ms)
			DisableScriptedObjects (7ms)
			BackupInstance (0ms)
			ReleaseScriptingObjects (0ms)
			CreateAndSetChildDomain (140ms)
		EndReloadAssembly (1194ms)
			LoadAssemblies (106ms)
			RebuildTransferFunctionScriptingTraits (0ms)
			SetupTypeCache (311ms)
			ReleaseScriptCaches (1ms)
			RebuildScriptCaches (81ms)
			SetupLoadedEditorAssemblies (645ms)
				LogAssemblyErrors (0ms)
				InitializePlatformSupportModulesInManaged (17ms)
				SetLoadedEditorAssemblies (0ms)
				RefreshPlugins (105ms)
				BeforeProcessingInitializeOnLoad (109ms)
				ProcessInitializeOnLoadAttributes (345ms)
				ProcessInitializeOnLoadMethodAttributes (63ms)
				AfterProcessingInitializeOnLoad (6ms)
				EditorAssembliesLoaded (0ms)
			ExecutionOrderSort2 (0ms)
			AwakeInstancesAfterBackupRestoration (6ms)
Platform modules already initialized, skipping
========================================================================
Worker process is ready to serve import requests
Launched and connected shader compiler UnityShaderCompiler.exe after 0.06 seconds
Refreshing native plugins compatible for Editor in 1.54 ms, found 4 plugins.
Preloading 0 native plugins for Editor in 0.00 ms.
Unloading 4564 Unused Serialized files (Serialized files now loaded: 0)
Unloading 61 unused Assets / (293.3 KB). Loaded Objects now: 5015.
Memory consumption went from 174.7 MB to 174.4 MB.
Total: 6.362400 ms (FindLiveObjects: 0.580000 ms CreateObjectMapping: 0.713900 ms MarkObjects: 4.672000 ms  DeleteObjects: 0.395400 ms)

AssetImportParameters requested are different than current active one (requested -> active):
  custom:video-decoder-ogg-theora: a1e56fd34408186e4bbccfd4996cb3dc -> 
  custom:container-muxer-webm: aa71ff27fc2769a1b78a27578f13a17b -> 
  custom:container-demuxer-webm: 4f35f7cbe854078d1ac9338744f61a02 -> 
  custom:video-encoder-webm-vp8: eb34c28f22e8b96e1ab97ce403110664 -> 
  custom:audio-encoder-webm-vorbis: bf7c407c2cedff20999df2af8eb42d56 -> 
  custom:framework-win-MediaFoundation: 216162199b28c13a410421893ffa2e32 -> 
  custom:container-demuxer-ogg: 62fdf1f143b41e24485cea50d1cbac27 -> 
  custom:video-decoder-webm-vp8: 9c59270c3fd7afecdb556c50c9e8de78 -> 
  custom:audio-decoder-ogg-vorbis: bf7c407c2cedff20999df2af8eb42d56 -> 
========================================================================
Received Import Request.
  Time since last request: 175730.542265 seconds.
  path: Packages/com.unity.2d.spriteshape/Editor/ObjectMenuCreation/DefaultAssets/Sprite Shapes/Closed Sprite Shape.prefab
  artifactKey: Guid(c0583b4e855c74b8c82e7b9b5efb5ce9) Importer(815301076,1909f56bfc062723c751e8b465ee728b)
Start importing Packages/com.unity.2d.spriteshape/Editor/ObjectMenuCreation/DefaultAssets/Sprite Shapes/Closed Sprite Shape.prefab using Guid(c0583b4e855c74b8c82e7b9b5efb5ce9) Importer(815301076,1909f56bfc062723c751e8b465ee728b)  -> (artifact id: '34459092aad8135d2ccfcf72e6e6150f') in 0.178575 seconds 
========================================================================
Received Import Request.
  Time since last request: 124.217093 seconds.
  path: Assets/Art/knight/_Attack.png
  artifactKey: Guid(1fa3687b8beba984a84fc14e16923fd3) Importer(815301076,1909f56bfc062723c751e8b465ee728b)
Start importing Assets/Art/knight/_Attack.png using Guid(1fa3687b8beba984a84fc14e16923fd3) Importer(815301076,1909f56bfc062723c751e8b465ee728b)  -> (artifact id: '06c3e06fb7cdb78806cd3938bb6a04e8') in 0.033076 seconds 
========================================================================
Received Import Request.
  Time since last request: 0.000031 seconds.
  path: Assets/Art/knight/_WallClimbNoMovement.png
  artifactKey: Guid(6b342ae4dd4c96043ba3844c90a71190) Importer(815301076,1909f56bfc062723c751e8b465ee728b)
Start importing Assets/Art/knight/_WallClimbNoMovement.png using Guid(6b342ae4dd4c96043ba3844c90a71190) Importer(815301076,1909f56bfc062723c751e8b465ee728b)  -> (artifact id: '4623fbdcb03e8d63798be7eb7ae820fe') in 0.030823 seconds 
========================================================================
Received Import Request.
  Time since last request: 0.000036 seconds.
  path: Assets/Art/knight/_WallClimb.png
  artifactKey: Guid(75bc45c16b27994428693bcdd441e94c) Importer(815301076,1909f56bfc062723c751e8b465ee728b)
Start importing Assets/Art/knight/_WallClimb.png using Guid(75bc45c16b27994428693bcdd441e94c) Importer(815301076,1909f56bfc062723c751e8b465ee728b)  -> (artifact id: 'a633e4f472fdb36076e0075bf023f075') in 0.014902 seconds 
========================================================================
Received Import Request.
  Time since last request: 0.000033 seconds.
  path: Assets/Art/knight/_Slide.png
  artifactKey: Guid(ed65c651c61030c48add2dcf6b572490) Importer(815301076,1909f56bfc062723c751e8b465ee728b)
Start importing Assets/Art/knight/_Slide.png using Guid(ed65c651c61030c48add2dcf6b572490) Importer(815301076,1909f56bfc062723c751e8b465ee728b)  -> (artifact id: '99f1fe198837801d2661486702dc36b5') in 0.014418 seconds 
========================================================================
Received Import Request.
  Time since last request: 0.000035 seconds.
  path: Assets/Art/knight/_CrouchWalk.png
  artifactKey: Guid(632aa33abaa19874f9ee5ba57d59690f) Importer(815301076,1909f56bfc062723c751e8b465ee728b)
Start importing Assets/Art/knight/_CrouchWalk.png using Guid(632aa33abaa19874f9ee5ba57d59690f) Importer(815301076,1909f56bfc062723c751e8b465ee728b)  -> (artifact id: '680894d8290977c594cde9df6196feff') in 0.019794 seconds 
========================================================================
Received Import Request.
  Time since last request: 0.000031 seconds.
  path: Assets/Art/knight/_Idle.png
  artifactKey: Guid(d35e4a8550fcb244ead8cca8b22bddc9) Importer(815301076,1909f56bfc062723c751e8b465ee728b)
Start importing Assets/Art/knight/_Idle.png using Guid(d35e4a8550fcb244ead8cca8b22bddc9) Importer(815301076,1909f56bfc062723c751e8b465ee728b)  -> (artifact id: 'abf4a6bbd6d98fe467edfec9b754f957') in 0.017142 seconds 
========================================================================
Received Import Request.
  Time since last request: 0.000028 seconds.
  path: Assets/Art/knight/_Fall.png
  artifactKey: Guid(4762c037fd85e6646a49ed1d9e3a6977) Importer(815301076,1909f56bfc062723c751e8b465ee728b)
Start importing Assets/Art/knight/_Fall.png using Guid(4762c037fd85e6646a49ed1d9e3a6977) Importer(815301076,1909f56bfc062723c751e8b465ee728b)  -> (artifact id: '2aa33b330d0fd30df4f8669005da2178') in 0.013907 seconds 
========================================================================
Received Import Request.
  Time since last request: 0.000039 seconds.
  path: Assets/Art/knight/_TurnAround.png
  artifactKey: Guid(ed205cbf6bc74e44d85b7842e62f0c24) Importer(815301076,1909f56bfc062723c751e8b465ee728b)
Start importing Assets/Art/knight/_TurnAround.png using Guid(ed205cbf6bc74e44d85b7842e62f0c24) Importer(815301076,1909f56bfc062723c751e8b465ee728b)  -> (artifact id: 'a096736059f0dc0ce8aedccdf246553b') in 0.018032 seconds 
========================================================================
Received Import Request.
  Time since last request: 0.000045 seconds.
  path: Assets/Art/knight/_CrouchAll.png
  artifactKey: Guid(2acf975227dafe44e91e88b34b2c63c2) Importer(815301076,1909f56bfc062723c751e8b465ee728b)
Start importing Assets/Art/knight/_CrouchAll.png using Guid(2acf975227dafe44e91e88b34b2c63c2) Importer(815301076,1909f56bfc062723c751e8b465ee728b)  -> (artifact id: 'f350c3a35f7cbe308f1911e33091cef3') in 0.016048 seconds 
========================================================================
Received Import Request.
  Time since last request: 0.000025 seconds.
  path: Assets/Art/knight/_AttackComboNoMovement.png
  artifactKey: Guid(6af9ff14b5a023a47bdd16b332fda009) Importer(815301076,1909f56bfc062723c751e8b465ee728b)
Start importing Assets/Art/knight/_AttackComboNoMovement.png using Guid(6af9ff14b5a023a47bdd16b332fda009) Importer(815301076,1909f56bfc062723c751e8b465ee728b)  -> (artifact id: '2db84c8b1bff2f13bfbfaa94e5fd03ca') in 0.014455 seconds 
========================================================================
Received Import Request.
  Time since last request: 0.000032 seconds.
  path: Assets/Art/knight/_Roll.png
  artifactKey: Guid(38c2b17a0b441a64795235aba3e83bcb) Importer(815301076,1909f56bfc062723c751e8b465ee728b)
Start importing Assets/Art/knight/_Roll.png using Guid(38c2b17a0b441a64795235aba3e83bcb) Importer(815301076,1909f56bfc062723c751e8b465ee728b)  -> (artifact id: 'fddb4df425b74b179376b36d26217e14') in 0.013316 seconds 
========================================================================
Received Import Request.
  Time since last request: 0.000036 seconds.
  path: Assets/Art/knight/_Run.png
  artifactKey: Guid(61c3eb1a0d2e7b745898a31c2773098f) Importer(815301076,1909f56bfc062723c751e8b465ee728b)
Start importing Assets/Art/knight/_Run.png using Guid(61c3eb1a0d2e7b745898a31c2773098f) Importer(815301076,1909f56bfc062723c751e8b465ee728b)  -> (artifact id: '5eba9311c38d31d29fa1da6a36d88d9b') in 0.015305 seconds 
Editor requested this worker to shutdown with reason: Scaling down because of idle timeout
AssetImportWorker is now disconnected from the server
Process exiting
Exiting without the bug reporter. Application will terminate with return code 0